#
# There is insufficient memory for the Java Runtime Environment to continue.
# Native memory allocation (malloc) failed to allocate 1047056 bytes for Chunk::new
# Possible reasons:
#   The system is out of physical RAM or swap space
#   The process is running with CompressedOops enabled, and the Java Heap may be blocking the growth of the native heap
# Possible solutions:
#   Reduce memory load on the system
#   Increase physical memory or swap space
#   Check if swap backing store is full
#   Decrease Java heap size (-Xmx/-Xms)
#   Decrease number of Java threads
#   Decrease Java thread stack sizes (-Xss)
#   Set larger code cache with -XX:ReservedCodeCacheSize=
#   JVM is running with Unscaled Compressed Oops mode in which the Java heap is
#     placed in the first 4GB address space. The Java Heap base address is the
#     maximum limit for the native heap growth. Please use -XX:HeapBaseMinAddress
#     to set the Java Heap base and to place the Java Heap above 4GB virtual address.
# This output file may be truncated or incomplete.
#
#  Out of Memory Error (./src/hotspot/share/memory/arena.cpp:197), pid=23132, tid=10332
#
# JRE version: OpenJDK Runtime Environment (11.0.10) (build 11.0.10+0-b96-7249189)
# Java VM: OpenJDK 64-Bit Server VM (11.0.10+0-b96-7249189, mixed mode, tiered, compressed oops, g1 gc, windows-amd64)
# No core dump will be written. Minidumps are not enabled by default on client versions of Windows
#

---------------  S U M M A R Y ------------

Command Line: --add-opens=java.base/java.util=ALL-UNNAMED --add-opens=java.base/java.lang=ALL-UNNAMED --add-opens=java.base/java.lang.invoke=ALL-UNNAMED --add-opens=java.base/java.util=ALL-UNNAMED --add-opens=java.prefs/java.util.prefs=ALL-UNNAMED --add-opens=java.prefs/java.util.prefs=ALL-UNNAMED --add-opens=java.base/java.nio.charset=ALL-UNNAMED --add-opens=java.base/java.net=ALL-UNNAMED --add-opens=java.base/java.util.concurrent.atomic=ALL-UNNAMED -Xmx2048m -Dfile.encoding=UTF-8 -Duser.country=US -Duser.language=en -Duser.variant org.gradle.launcher.daemon.bootstrap.GradleDaemon 7.0.2

Host: Intel(R) Core(TM) i5-8265U CPU @ 1.60GHz, 8 cores, 7G,  Windows 10 , 64 bit Build 19041 (10.0.19041.1348)
Time: Thu Jan  6 23:57:31 2022 Central Europe Standard Time elapsed time: 15.764249 seconds (0d 0h 0m 15s)

---------------  T H R E A D  ---------------

Current thread (0x00000218d0db7000):  JavaThread "C2 CompilerThread0" daemon [_thread_in_native, id=10332, stack(0x0000004a40800000,0x0000004a40900000)]


Current CompileTask:
C2:  15764 2554  s!   4       jdk.internal.loader.URLClassPath::getLoader (194 bytes)

Stack: [0x0000004a40800000,0x0000004a40900000]
Native frames: (J=compiled Java code, j=interpreted, Vv=VM code, C=native code)
V  [jvm.dll+0x5ecfaa]
V  [jvm.dll+0x722bd5]
V  [jvm.dll+0x72412d]
V  [jvm.dll+0x7247e3]
V  [jvm.dll+0x242928]
V  [jvm.dll+0xbc4fc]
V  [jvm.dll+0xbca0c]
V  [jvm.dll+0x352d7d]
V  [jvm.dll+0x19800c]
V  [jvm.dll+0x1fb70e]
V  [jvm.dll+0x1fa7f4]
V  [jvm.dll+0x18354c]
V  [jvm.dll+0x208ee7]
V  [jvm.dll+0x207731]
V  [jvm.dll+0x6eb1cf]
V  [jvm.dll+0x6e3d45]
V  [jvm.dll+0x5ebe96]
C  [ucrtbase.dll+0x21bb2]
C  [KERNEL32.DLL+0x17034]
C  [ntdll.dll+0x52651]


---------------  P R O C E S S  ---------------

Threads class SMR info:
_java_thread_list=0x00000218d47a1ab0, length=30, elements={
0x00000218b690b800, 0x00000218d0d93000, 0x00000218d0da0000, 0x00000218d1712800,
0x00000218d0dab000, 0x00000218d0dae000, 0x00000218d0db7000, 0x00000218d0dbd800,
0x00000218d0dc4800, 0x00000218d185e800, 0x00000218d3138800, 0x00000218d27e7800,
0x00000218d306d800, 0x00000218d2d2c800, 0x00000218d396d800, 0x00000218d380d800,
0x00000218d42e9800, 0x00000218d3054800, 0x00000218d2d60000, 0x00000218d40e7800,
0x00000218d40e6800, 0x00000218d40e8000, 0x00000218d40e9000, 0x00000218d4884800,
0x00000218d4881000, 0x00000218d487e800, 0x00000218d4885000, 0x00000218d4882000,
0x00000218d487f800, 0x00000218d4883800
}

Java Threads: ( => current thread )
  0x00000218b690b800 JavaThread "main" [_thread_blocked, id=23860, stack(0x0000004a3fc00000,0x0000004a3fd00000)]
  0x00000218d0d93000 JavaThread "Reference Handler" daemon [_thread_blocked, id=19100, stack(0x0000004a40300000,0x0000004a40400000)]
  0x00000218d0da0000 JavaThread "Finalizer" daemon [_thread_blocked, id=22684, stack(0x0000004a40400000,0x0000004a40500000)]
  0x00000218d1712800 JavaThread "Signal Dispatcher" daemon [_thread_blocked, id=27752, stack(0x0000004a40500000,0x0000004a40600000)]
  0x00000218d0dab000 JavaThread "Attach Listener" daemon [_thread_blocked, id=9312, stack(0x0000004a40600000,0x0000004a40700000)]
  0x00000218d0dae000 JavaThread "Service Thread" daemon [_thread_blocked, id=25980, stack(0x0000004a40700000,0x0000004a40800000)]
=>0x00000218d0db7000 JavaThread "C2 CompilerThread0" daemon [_thread_in_native, id=10332, stack(0x0000004a40800000,0x0000004a40900000)]
  0x00000218d0dbd800 JavaThread "C1 CompilerThread0" daemon [_thread_blocked, id=2408, stack(0x0000004a40900000,0x0000004a40a00000)]
  0x00000218d0dc4800 JavaThread "Sweeper thread" daemon [_thread_blocked, id=13404, stack(0x0000004a40a00000,0x0000004a40b00000)]
  0x00000218d185e800 JavaThread "Common-Cleaner" daemon [_thread_blocked, id=24016, stack(0x0000004a40b00000,0x0000004a40c00000)]
  0x00000218d3138800 JavaThread "Daemon health stats" [_thread_blocked, id=28076, stack(0x0000004a41000000,0x0000004a41100000)]
  0x00000218d27e7800 JavaThread "Incoming local TCP Connector on port 53963" [_thread_in_native, id=29368, stack(0x0000004a40d00000,0x0000004a40e00000)]
  0x00000218d306d800 JavaThread "Daemon periodic checks" [_thread_blocked, id=21920, stack(0x0000004a41100000,0x0000004a41200000)]
  0x00000218d2d2c800 JavaThread "Daemon" [_thread_blocked, id=29424, stack(0x0000004a41200000,0x0000004a41300000)]
  0x00000218d396d800 JavaThread "Handler for socket connection from /127.0.0.1:53963 to /127.0.0.1:53964" [_thread_in_native, id=22976, stack(0x0000004a41300000,0x0000004a41400000)]
  0x00000218d380d800 JavaThread "Cancel handler" [_thread_blocked, id=26804, stack(0x0000004a41400000,0x0000004a41500000)]
  0x00000218d42e9800 JavaThread "Daemon worker" [_thread_in_vm, id=24644, stack(0x0000004a41500000,0x0000004a41600000)]
  0x00000218d3054800 JavaThread "Asynchronous log dispatcher for DefaultDaemonConnection: socket connection from /127.0.0.1:53963 to /127.0.0.1:53964" [_thread_blocked, id=28404, stack(0x0000004a41600000,0x0000004a41700000)]
  0x00000218d2d60000 JavaThread "Stdin handler" [_thread_blocked, id=23624, stack(0x0000004a41700000,0x0000004a41800000)]
  0x00000218d40e7800 JavaThread "Daemon client event forwarder" [_thread_blocked, id=28436, stack(0x0000004a41800000,0x0000004a41900000)]
  0x00000218d40e6800 JavaThread "Cache worker for file hash cache (C:\Users\ptija\.gradle\caches\7.0.2\fileHashes)" [_thread_blocked, id=19620, stack(0x0000004a41e00000,0x0000004a41f00000)]
  0x00000218d40e8000 JavaThread "File lock request listener" [_thread_in_native, id=26704, stack(0x0000004a41f00000,0x0000004a42000000)]
  0x00000218d40e9000 JavaThread "Cache worker for journal cache (C:\Users\ptija\.gradle\caches\journal-1)" [_thread_blocked, id=16676, stack(0x0000004a42100000,0x0000004a42200000)]
  0x00000218d4884800 JavaThread "Cache worker for file hash cache (D:\Radovi\MTS\TourMe\.gradle\7.0.2\fileHashes)" [_thread_blocked, id=27480, stack(0x0000004a42300000,0x0000004a42400000)]
  0x00000218d4881000 JavaThread "File watcher server" daemon [_thread_in_native, id=7756, stack(0x0000004a42400000,0x0000004a42500000)]
  0x00000218d487e800 JavaThread "File watcher consumer" daemon [_thread_blocked, id=27936, stack(0x0000004a42500000,0x0000004a42600000)]
  0x00000218d4885000 JavaThread "Cache worker for checksums cache (D:\Radovi\MTS\TourMe\.gradle\checksums)" [_thread_blocked, id=28844, stack(0x0000004a42600000,0x0000004a42700000)]
  0x00000218d4882000 JavaThread "Cache worker for cache directory md-supplier (C:\Users\ptija\.gradle\caches\7.0.2\md-supplier)" [_thread_blocked, id=12628, stack(0x0000004a42700000,0x0000004a42800000)]
  0x00000218d487f800 JavaThread "Cache worker for cache directory md-rule (C:\Users\ptija\.gradle\caches\7.0.2\md-rule)" [_thread_blocked, id=18528, stack(0x0000004a42800000,0x0000004a42900000)]
  0x00000218d4883800 JavaThread "Cache worker for execution history cache (C:\Users\ptija\.gradle\caches\7.0.2\executionHistory)" [_thread_blocked, id=27824, stack(0x0000004a42200000,0x0000004a42300000)]

Other Threads:
  0x00000218d0d91000 VMThread "VM Thread" [stack: 0x0000004a40200000,0x0000004a40300000] [id=6928]
  0x00000218d1875800 WatcherThread [stack: 0x0000004a40c00000,0x0000004a40d00000] [id=26336]
  0x00000218b6925800 GCTaskThread "GC Thread#0" [stack: 0x0000004a3fd00000,0x0000004a3fe00000] [id=28412]
  0x00000218d1b21800 GCTaskThread "GC Thread#1" [stack: 0x0000004a40e00000,0x0000004a40f00000] [id=19796]
  0x00000218d2a3f000 GCTaskThread "GC Thread#2" [stack: 0x0000004a40f00000,0x0000004a41000000] [id=28376]
  0x00000218d2795800 GCTaskThread "GC Thread#3" [stack: 0x0000004a41900000,0x0000004a41a00000] [id=12196]
  0x00000218d3203000 GCTaskThread "GC Thread#4" [stack: 0x0000004a41a00000,0x0000004a41b00000] [id=11516]
  0x00000218d325d800 GCTaskThread "GC Thread#5" [stack: 0x0000004a41b00000,0x0000004a41c00000] [id=28556]
  0x00000218d326f000 GCTaskThread "GC Thread#6" [stack: 0x0000004a41c00000,0x0000004a41d00000] [id=3580]
  0x00000218d3266800 GCTaskThread "GC Thread#7" [stack: 0x0000004a41d00000,0x0000004a41e00000] [id=21576]
  0x00000218b695b800 ConcurrentGCThread "G1 Main Marker" [stack: 0x0000004a3fe00000,0x0000004a3ff00000] [id=28568]
  0x00000218b695c800 ConcurrentGCThread "G1 Conc#0" [stack: 0x0000004a3ff00000,0x0000004a40000000] [id=27456]
  0x00000218d49a7800 ConcurrentGCThread "G1 Conc#1" [stack: 0x0000004a42000000,0x0000004a42100000] [id=28712]
  0x00000218d0be0800 ConcurrentGCThread "G1 Refine#0" [stack: 0x0000004a40000000,0x0000004a40100000] [id=12608]
  0x00000218d0be1800 ConcurrentGCThread "G1 Young RemSet Sampling" [stack: 0x0000004a40100000,0x0000004a40200000] [id=21468]

Threads with active compile tasks:
C2 CompilerThread0  15799 2554  s!   4       jdk.internal.loader.URLClassPath::getLoader (194 bytes)
C1 CompilerThread0  15799 3245       2       java.lang.invoke.MethodHandles$Lookup::checkMethodName (43 bytes)

VM state:not at safepoint (normal execution)

VM Mutex/Monitor currently owned by a thread: None

Heap address: 0x0000000080000000, size: 2048 MB, Compressed Oops mode: 32-bit
Narrow klass base: 0x0000000000000000, Narrow klass shift: 3
Compressed class space size: 1073741824 Address: 0x0000000100000000

Heap:
 garbage-first heap   total 129024K, used 48151K [0x0000000080000000, 0x0000000100000000)
  region size 1024K, 33 young (33792K), 7 survivors (7168K)
 Metaspace       used 36481K, capacity 37360K, committed 37580K, reserved 1081344K
  class space    used 4707K, capacity 5008K, committed 5068K, reserved 1048576K
Heap Regions: E=young(eden), S=young(survivor), O=old, HS=humongous(starts), HC=humongous(continues), CS=collection set, F=free, A=archive, TAMS=top-at-mark-start (previous, next)
|   0|0x0000000080000000, 0x0000000080100000, 0x0000000080100000|100%| O|  |TAMS 0x0000000080100000, 0x0000000080000000| Untracked 
|   1|0x0000000080100000, 0x0000000080200000, 0x0000000080200000|100%| O|  |TAMS 0x0000000080200000, 0x0000000080100000| Untracked 
|   2|0x0000000080200000, 0x0000000080300000, 0x0000000080300000|100%| O|  |TAMS 0x0000000080300000, 0x0000000080200000| Untracked 
|   3|0x0000000080300000, 0x0000000080400000, 0x0000000080400000|100%|HS|  |TAMS 0x0000000080400000, 0x0000000080300000| Complete 
|   4|0x0000000080400000, 0x0000000080500000, 0x0000000080500000|100%|HC|  |TAMS 0x0000000080500000, 0x0000000080400000| Complete 
|   5|0x0000000080500000, 0x0000000080600000, 0x0000000080600000|100%|HC|  |TAMS 0x0000000080600000, 0x0000000080500000| Complete 
|   6|0x0000000080600000, 0x0000000080700000, 0x0000000080700000|100%| O|  |TAMS 0x0000000080700000, 0x0000000080600000| Untracked 
|   7|0x0000000080700000, 0x0000000080800000, 0x0000000080800000|100%| O|  |TAMS 0x0000000080800000, 0x0000000080700000| Untracked 
|   8|0x0000000080800000, 0x0000000080900000, 0x0000000080900000|100%| O|  |TAMS 0x0000000080900000, 0x0000000080800000| Untracked 
|   9|0x0000000080900000, 0x0000000080a00000, 0x0000000080a00000|100%| O|  |TAMS 0x0000000080a00000, 0x0000000080900000| Untracked 
|  10|0x0000000080a00000, 0x0000000080b00000, 0x0000000080b00000|100%| O|  |TAMS 0x0000000080b00000, 0x0000000080a00000| Untracked 
|  11|0x0000000080b00000, 0x0000000080c00000, 0x0000000080c00000|100%| O|  |TAMS 0x0000000080c00000, 0x0000000080b00000| Untracked 
|  12|0x0000000080c00000, 0x0000000080d00000, 0x0000000080d00000|100%| O|  |TAMS 0x0000000080d00000, 0x0000000080c00000| Untracked 
|  13|0x0000000080d00000, 0x0000000080e00000, 0x0000000080e00000|100%| O|  |TAMS 0x0000000080e00000, 0x0000000080d00000| Untracked 
|  14|0x0000000080e00000, 0x0000000080f00000, 0x0000000080f00000|100%| O|  |TAMS 0x0000000080f00000, 0x0000000080e00000| Untracked 
|  15|0x0000000080f00000, 0x0000000080ff8c00, 0x0000000081000000| 97%| O|  |TAMS 0x0000000080ff8c00, 0x0000000080f00000| Untracked 
|  16|0x0000000081000000, 0x0000000081000000, 0x0000000081100000|  0%| F|  |TAMS 0x0000000081000000, 0x0000000081000000| Untracked 
|  17|0x0000000081100000, 0x0000000081100000, 0x0000000081200000|  0%| F|  |TAMS 0x0000000081100000, 0x0000000081100000| Untracked 
|  18|0x0000000081200000, 0x0000000081200000, 0x0000000081300000|  0%| F|  |TAMS 0x0000000081200000, 0x0000000081200000| Untracked 
|  19|0x0000000081300000, 0x0000000081300000, 0x0000000081400000|  0%| F|  |TAMS 0x0000000081300000, 0x0000000081300000| Untracked 
|  20|0x0000000081400000, 0x0000000081400000, 0x0000000081500000|  0%| F|  |TAMS 0x0000000081400000, 0x0000000081400000| Untracked 
|  21|0x0000000081500000, 0x0000000081500000, 0x0000000081600000|  0%| F|  |TAMS 0x0000000081500000, 0x0000000081500000| Untracked 
|  22|0x0000000081600000, 0x0000000081600000, 0x0000000081700000|  0%| F|  |TAMS 0x0000000081600000, 0x0000000081600000| Untracked 
|  23|0x0000000081700000, 0x0000000081700000, 0x0000000081800000|  0%| F|  |TAMS 0x0000000081700000, 0x0000000081700000| Untracked 
|  24|0x0000000081800000, 0x0000000081800000, 0x0000000081900000|  0%| F|  |TAMS 0x0000000081800000, 0x0000000081800000| Untracked 
|  25|0x0000000081900000, 0x0000000081900000, 0x0000000081a00000|  0%| F|  |TAMS 0x0000000081900000, 0x0000000081900000| Untracked 
|  26|0x0000000081a00000, 0x0000000081a00000, 0x0000000081b00000|  0%| F|  |TAMS 0x0000000081a00000, 0x0000000081a00000| Untracked 
|  27|0x0000000081b00000, 0x0000000081b00000, 0x0000000081c00000|  0%| F|  |TAMS 0x0000000081b00000, 0x0000000081b00000| Untracked 
|  28|0x0000000081c00000, 0x0000000081c00000, 0x0000000081d00000|  0%| F|  |TAMS 0x0000000081c00000, 0x0000000081c00000| Untracked 
|  29|0x0000000081d00000, 0x0000000081d00000, 0x0000000081e00000|  0%| F|  |TAMS 0x0000000081d00000, 0x0000000081d00000| Untracked 
|  30|0x0000000081e00000, 0x0000000081e00000, 0x0000000081f00000|  0%| F|  |TAMS 0x0000000081e00000, 0x0000000081e00000| Untracked 
|  31|0x0000000081f00000, 0x0000000081f00000, 0x0000000082000000|  0%| F|  |TAMS 0x0000000081f00000, 0x0000000081f00000| Untracked 
|  32|0x0000000082000000, 0x0000000082000000, 0x0000000082100000|  0%| F|  |TAMS 0x0000000082000000, 0x0000000082000000| Untracked 
|  33|0x0000000082100000, 0x0000000082100000, 0x0000000082200000|  0%| F|  |TAMS 0x0000000082100000, 0x0000000082100000| Untracked 
|  34|0x0000000082200000, 0x0000000082200000, 0x0000000082300000|  0%| F|  |TAMS 0x0000000082200000, 0x0000000082200000| Untracked 
|  35|0x0000000082300000, 0x0000000082300000, 0x0000000082400000|  0%| F|  |TAMS 0x0000000082300000, 0x0000000082300000| Untracked 
|  36|0x0000000082400000, 0x0000000082400000, 0x0000000082500000|  0%| F|  |TAMS 0x0000000082400000, 0x0000000082400000| Untracked 
|  37|0x0000000082500000, 0x0000000082500000, 0x0000000082600000|  0%| F|  |TAMS 0x0000000082500000, 0x0000000082500000| Untracked 
|  38|0x0000000082600000, 0x0000000082600000, 0x0000000082700000|  0%| F|  |TAMS 0x0000000082600000, 0x0000000082600000| Untracked 
|  39|0x0000000082700000, 0x0000000082700000, 0x0000000082800000|  0%| F|  |TAMS 0x0000000082700000, 0x0000000082700000| Untracked 
|  40|0x0000000082800000, 0x0000000082800000, 0x0000000082900000|  0%| F|  |TAMS 0x0000000082800000, 0x0000000082800000| Untracked 
|  41|0x0000000082900000, 0x0000000082900000, 0x0000000082a00000|  0%| F|  |TAMS 0x0000000082900000, 0x0000000082900000| Untracked 
|  42|0x0000000082a00000, 0x0000000082a00000, 0x0000000082b00000|  0%| F|  |TAMS 0x0000000082a00000, 0x0000000082a00000| Untracked 
|  43|0x0000000082b00000, 0x0000000082b00000, 0x0000000082c00000|  0%| F|  |TAMS 0x0000000082b00000, 0x0000000082b00000| Untracked 
|  44|0x0000000082c00000, 0x0000000082c00000, 0x0000000082d00000|  0%| F|  |TAMS 0x0000000082c00000, 0x0000000082c00000| Untracked 
|  45|0x0000000082d00000, 0x0000000082d00000, 0x0000000082e00000|  0%| F|  |TAMS 0x0000000082d00000, 0x0000000082d00000| Untracked 
|  46|0x0000000082e00000, 0x0000000082e00000, 0x0000000082f00000|  0%| F|  |TAMS 0x0000000082e00000, 0x0000000082e00000| Untracked 
|  47|0x0000000082f00000, 0x0000000082f00000, 0x0000000083000000|  0%| F|  |TAMS 0x0000000082f00000, 0x0000000082f00000| Untracked 
|  48|0x0000000083000000, 0x0000000083000000, 0x0000000083100000|  0%| F|  |TAMS 0x0000000083000000, 0x0000000083000000| Untracked 
|  49|0x0000000083100000, 0x0000000083100000, 0x0000000083200000|  0%| F|  |TAMS 0x0000000083100000, 0x0000000083100000| Untracked 
|  50|0x0000000083200000, 0x0000000083200000, 0x0000000083300000|  0%| F|  |TAMS 0x0000000083200000, 0x0000000083200000| Untracked 
|  51|0x0000000083300000, 0x0000000083300000, 0x0000000083400000|  0%| F|  |TAMS 0x0000000083300000, 0x0000000083300000| Untracked 
|  52|0x0000000083400000, 0x0000000083400000, 0x0000000083500000|  0%| F|  |TAMS 0x0000000083400000, 0x0000000083400000| Untracked 
|  53|0x0000000083500000, 0x0000000083500000, 0x0000000083600000|  0%| F|  |TAMS 0x0000000083500000, 0x0000000083500000| Untracked 
|  54|0x0000000083600000, 0x0000000083600000, 0x0000000083700000|  0%| F|  |TAMS 0x0000000083600000, 0x0000000083600000| Untracked 
|  55|0x0000000083700000, 0x0000000083700000, 0x0000000083800000|  0%| F|  |TAMS 0x0000000083700000, 0x0000000083700000| Untracked 
|  56|0x0000000083800000, 0x000000008380d170, 0x0000000083900000|  5%| S|CS|TAMS 0x0000000083800000, 0x0000000083800000| Complete 
|  57|0x0000000083900000, 0x0000000083a00000, 0x0000000083a00000|100%| S|CS|TAMS 0x0000000083900000, 0x0000000083900000| Complete 
|  58|0x0000000083a00000, 0x0000000083b00000, 0x0000000083b00000|100%| S|CS|TAMS 0x0000000083a00000, 0x0000000083a00000| Complete 
|  59|0x0000000083b00000, 0x0000000083c00000, 0x0000000083c00000|100%| S|CS|TAMS 0x0000000083b00000, 0x0000000083b00000| Complete 
|  60|0x0000000083c00000, 0x0000000083d00000, 0x0000000083d00000|100%| S|CS|TAMS 0x0000000083c00000, 0x0000000083c00000| Complete 
|  61|0x0000000083d00000, 0x0000000083e00000, 0x0000000083e00000|100%| S|CS|TAMS 0x0000000083d00000, 0x0000000083d00000| Complete 
|  62|0x0000000083e00000, 0x0000000083f00000, 0x0000000083f00000|100%| S|CS|TAMS 0x0000000083e00000, 0x0000000083e00000| Complete 
|  63|0x0000000083f00000, 0x0000000083f00000, 0x0000000084000000|  0%| F|  |TAMS 0x0000000083f00000, 0x0000000083f00000| Untracked 
|  64|0x0000000084000000, 0x0000000084000000, 0x0000000084100000|  0%| F|  |TAMS 0x0000000084000000, 0x0000000084000000| Untracked 
|  65|0x0000000084100000, 0x0000000084100000, 0x0000000084200000|  0%| F|  |TAMS 0x0000000084100000, 0x0000000084100000| Untracked 
|  66|0x0000000084200000, 0x0000000084200000, 0x0000000084300000|  0%| F|  |TAMS 0x0000000084200000, 0x0000000084200000| Untracked 
|  67|0x0000000084300000, 0x0000000084300000, 0x0000000084400000|  0%| F|  |TAMS 0x0000000084300000, 0x0000000084300000| Untracked 
|  68|0x0000000084400000, 0x0000000084400000, 0x0000000084500000|  0%| F|  |TAMS 0x0000000084400000, 0x0000000084400000| Untracked 
|  69|0x0000000084500000, 0x0000000084500000, 0x0000000084600000|  0%| F|  |TAMS 0x0000000084500000, 0x0000000084500000| Untracked 
|  70|0x0000000084600000, 0x0000000084600000, 0x0000000084700000|  0%| F|  |TAMS 0x0000000084600000, 0x0000000084600000| Untracked 
|  71|0x0000000084700000, 0x0000000084700000, 0x0000000084800000|  0%| F|  |TAMS 0x0000000084700000, 0x0000000084700000| Untracked 
|  72|0x0000000084800000, 0x0000000084800000, 0x0000000084900000|  0%| F|  |TAMS 0x0000000084800000, 0x0000000084800000| Untracked 
|  73|0x0000000084900000, 0x0000000084900000, 0x0000000084a00000|  0%| F|  |TAMS 0x0000000084900000, 0x0000000084900000| Untracked 
|  74|0x0000000084a00000, 0x0000000084a00000, 0x0000000084b00000|  0%| F|  |TAMS 0x0000000084a00000, 0x0000000084a00000| Untracked 
|  75|0x0000000084b00000, 0x0000000084b00000, 0x0000000084c00000|  0%| F|  |TAMS 0x0000000084b00000, 0x0000000084b00000| Untracked 
|  76|0x0000000084c00000, 0x0000000084c00000, 0x0000000084d00000|  0%| F|  |TAMS 0x0000000084c00000, 0x0000000084c00000| Untracked 
|  77|0x0000000084d00000, 0x0000000084d00000, 0x0000000084e00000|  0%| F|  |TAMS 0x0000000084d00000, 0x0000000084d00000| Untracked 
|  78|0x0000000084e00000, 0x0000000084e00000, 0x0000000084f00000|  0%| F|  |TAMS 0x0000000084e00000, 0x0000000084e00000| Untracked 
|  79|0x0000000084f00000, 0x0000000084f00000, 0x0000000085000000|  0%| F|  |TAMS 0x0000000084f00000, 0x0000000084f00000| Untracked 
|  80|0x0000000085000000, 0x0000000085000000, 0x0000000085100000|  0%| F|  |TAMS 0x0000000085000000, 0x0000000085000000| Untracked 
|  81|0x0000000085100000, 0x0000000085100000, 0x0000000085200000|  0%| F|  |TAMS 0x0000000085100000, 0x0000000085100000| Untracked 
|  82|0x0000000085200000, 0x0000000085200000, 0x0000000085300000|  0%| F|  |TAMS 0x0000000085200000, 0x0000000085200000| Untracked 
|  83|0x0000000085300000, 0x0000000085300000, 0x0000000085400000|  0%| F|  |TAMS 0x0000000085300000, 0x0000000085300000| Untracked 
|  84|0x0000000085400000, 0x0000000085400000, 0x0000000085500000|  0%| F|  |TAMS 0x0000000085400000, 0x0000000085400000| Untracked 
|  85|0x0000000085500000, 0x0000000085500000, 0x0000000085600000|  0%| F|  |TAMS 0x0000000085500000, 0x0000000085500000| Untracked 
|  86|0x0000000085600000, 0x0000000085600000, 0x0000000085700000|  0%| F|  |TAMS 0x0000000085600000, 0x0000000085600000| Untracked 
|  87|0x0000000085700000, 0x0000000085700000, 0x0000000085800000|  0%| F|  |TAMS 0x0000000085700000, 0x0000000085700000| Untracked 
|  88|0x0000000085800000, 0x0000000085800000, 0x0000000085900000|  0%| F|  |TAMS 0x0000000085800000, 0x0000000085800000| Untracked 
|  89|0x0000000085900000, 0x0000000085900000, 0x0000000085a00000|  0%| F|  |TAMS 0x0000000085900000, 0x0000000085900000| Untracked 
|  90|0x0000000085a00000, 0x0000000085a00000, 0x0000000085b00000|  0%| F|  |TAMS 0x0000000085a00000, 0x0000000085a00000| Untracked 
|  91|0x0000000085b00000, 0x0000000085b00000, 0x0000000085c00000|  0%| F|  |TAMS 0x0000000085b00000, 0x0000000085b00000| Untracked 
|  92|0x0000000085c00000, 0x0000000085c00000, 0x0000000085d00000|  0%| F|  |TAMS 0x0000000085c00000, 0x0000000085c00000| Untracked 
|  93|0x0000000085d00000, 0x0000000085d00000, 0x0000000085e00000|  0%| F|  |TAMS 0x0000000085d00000, 0x0000000085d00000| Untracked 
|  94|0x0000000085e00000, 0x0000000085e00000, 0x0000000085f00000|  0%| F|  |TAMS 0x0000000085e00000, 0x0000000085e00000| Untracked 
|  95|0x0000000085f00000, 0x0000000085f00000, 0x0000000086000000|  0%| F|  |TAMS 0x0000000085f00000, 0x0000000085f00000| Untracked 
|  96|0x0000000086000000, 0x0000000086000000, 0x0000000086100000|  0%| F|  |TAMS 0x0000000086000000, 0x0000000086000000| Untracked 
|  97|0x0000000086100000, 0x0000000086100000, 0x0000000086200000|  0%| F|  |TAMS 0x0000000086100000, 0x0000000086100000| Untracked 
|  98|0x0000000086200000, 0x0000000086200000, 0x0000000086300000|  0%| F|  |TAMS 0x0000000086200000, 0x0000000086200000| Untracked 
|  99|0x0000000086300000, 0x0000000086300000, 0x0000000086400000|  0%| F|  |TAMS 0x0000000086300000, 0x0000000086300000| Untracked 
| 100|0x0000000086400000, 0x0000000086500000, 0x0000000086500000|100%| E|  |TAMS 0x0000000086400000, 0x0000000086400000| Complete 
| 101|0x0000000086500000, 0x0000000086600000, 0x0000000086600000|100%| E|CS|TAMS 0x0000000086500000, 0x0000000086500000| Complete 
| 102|0x0000000086600000, 0x0000000086700000, 0x0000000086700000|100%| E|CS|TAMS 0x0000000086600000, 0x0000000086600000| Complete 
| 103|0x0000000086700000, 0x0000000086800000, 0x0000000086800000|100%| E|CS|TAMS 0x0000000086700000, 0x0000000086700000| Complete 
| 104|0x0000000086800000, 0x0000000086900000, 0x0000000086900000|100%| E|CS|TAMS 0x0000000086800000, 0x0000000086800000| Complete 
| 105|0x0000000086900000, 0x0000000086a00000, 0x0000000086a00000|100%| E|CS|TAMS 0x0000000086900000, 0x0000000086900000| Complete 
| 106|0x0000000086a00000, 0x0000000086b00000, 0x0000000086b00000|100%| E|CS|TAMS 0x0000000086a00000, 0x0000000086a00000| Complete 
| 107|0x0000000086b00000, 0x0000000086c00000, 0x0000000086c00000|100%| E|CS|TAMS 0x0000000086b00000, 0x0000000086b00000| Complete 
| 108|0x0000000086c00000, 0x0000000086d00000, 0x0000000086d00000|100%| E|CS|TAMS 0x0000000086c00000, 0x0000000086c00000| Complete 
| 109|0x0000000086d00000, 0x0000000086e00000, 0x0000000086e00000|100%| E|CS|TAMS 0x0000000086d00000, 0x0000000086d00000| Complete 
| 110|0x0000000086e00000, 0x0000000086f00000, 0x0000000086f00000|100%| E|CS|TAMS 0x0000000086e00000, 0x0000000086e00000| Complete 
| 111|0x0000000086f00000, 0x0000000087000000, 0x0000000087000000|100%| E|CS|TAMS 0x0000000086f00000, 0x0000000086f00000| Complete 
| 112|0x0000000087000000, 0x0000000087100000, 0x0000000087100000|100%| E|CS|TAMS 0x0000000087000000, 0x0000000087000000| Complete 
| 113|0x0000000087100000, 0x0000000087200000, 0x0000000087200000|100%| E|CS|TAMS 0x0000000087100000, 0x0000000087100000| Complete 
| 114|0x0000000087200000, 0x0000000087300000, 0x0000000087300000|100%| E|CS|TAMS 0x0000000087200000, 0x0000000087200000| Complete 
| 115|0x0000000087300000, 0x0000000087400000, 0x0000000087400000|100%| E|CS|TAMS 0x0000000087300000, 0x0000000087300000| Complete 
| 116|0x0000000087400000, 0x0000000087500000, 0x0000000087500000|100%| E|CS|TAMS 0x0000000087400000, 0x0000000087400000| Complete 
| 117|0x0000000087500000, 0x0000000087600000, 0x0000000087600000|100%| E|CS|TAMS 0x0000000087500000, 0x0000000087500000| Complete 
| 118|0x0000000087600000, 0x0000000087700000, 0x0000000087700000|100%| E|CS|TAMS 0x0000000087600000, 0x0000000087600000| Complete 
| 119|0x0000000087700000, 0x0000000087800000, 0x0000000087800000|100%| E|CS|TAMS 0x0000000087700000, 0x0000000087700000| Complete 
| 120|0x0000000087800000, 0x0000000087900000, 0x0000000087900000|100%| E|CS|TAMS 0x0000000087800000, 0x0000000087800000| Complete 
| 121|0x0000000087900000, 0x0000000087a00000, 0x0000000087a00000|100%| E|CS|TAMS 0x0000000087900000, 0x0000000087900000| Complete 
| 122|0x0000000087a00000, 0x0000000087b00000, 0x0000000087b00000|100%| E|CS|TAMS 0x0000000087a00000, 0x0000000087a00000| Complete 
| 123|0x0000000087b00000, 0x0000000087c00000, 0x0000000087c00000|100%| E|CS|TAMS 0x0000000087b00000, 0x0000000087b00000| Complete 
| 124|0x0000000087c00000, 0x0000000087d00000, 0x0000000087d00000|100%| E|CS|TAMS 0x0000000087c00000, 0x0000000087c00000| Complete 
| 125|0x0000000087d00000, 0x0000000087e00000, 0x0000000087e00000|100%| E|CS|TAMS 0x0000000087d00000, 0x0000000087d00000| Complete 

Card table byte_map: [0x00000218c9b30000,0x00000218c9f30000] _byte_map_base: 0x00000218c9730000

Marking Bits (Prev, Next): (CMBitMap*) 0x00000218b6952728, (CMBitMap*) 0x00000218b6952760
 Prev Bits: [0x00000218ca330000, 0x00000218cc330000)
 Next Bits: [0x00000218cc330000, 0x00000218ce330000)

Polling page: 0x00000218b4850000

Metaspace:

Usage:
  Non-class:     31.60 MB capacity,    31.05 MB ( 98%) used,   480.49 KB (  1%) free+waste,    82.06 KB ( <1%) overhead. 
      Class:      4.89 MB capacity,     4.60 MB ( 94%) used,   260.24 KB (  5%) free+waste,    39.75 KB ( <1%) overhead. 
       Both:     36.49 MB capacity,    35.65 MB ( 98%) used,   740.73 KB (  2%) free+waste,   121.81 KB ( <1%) overhead. 

Virtual space:
  Non-class space:       32.00 MB reserved,      31.75 MB (>99%) committed 
      Class space:        1.00 GB reserved,       4.95 MB ( <1%) committed 
             Both:        1.03 GB reserved,      36.70 MB (  3%) committed 

Chunk freelists:
   Non-Class:  25.00 KB
       Class:  13.00 KB
        Both:  38.00 KB

MaxMetaspaceSize: 17179869184.00 GB
CompressedClassSpaceSize: 1.00 GB

CodeHeap 'non-profiled nmethods': size=120000Kb used=1367Kb max_used=1367Kb free=118632Kb
 bounds [0x00000218c1ed0000, 0x00000218c2140000, 0x00000218c9400000]
CodeHeap 'profiled nmethods': size=120000Kb used=6481Kb max_used=6481Kb free=113518Kb
 bounds [0x00000218ba9a0000, 0x00000218bb000000, 0x00000218c1ed0000]
CodeHeap 'non-nmethods': size=5760Kb used=1511Kb max_used=1563Kb free=4248Kb
 bounds [0x00000218ba400000, 0x00000218ba670000, 0x00000218ba9a0000]
 total_blobs=3795 nmethods=3173 adapters=533
 compilation: enabled
              stopped_count=0, restarted_count=0
 full_count=0

Compilation events (20 events):
Event: 15.292 Thread 0x00000218d0dbd800 3228       1       org.codehaus.groovy.util.ComplexKeyHashMap$Entry::getValue (5 bytes)
Event: 15.292 Thread 0x00000218d0dbd800 nmethod 3228 0x00000218c2025310 code [0x00000218c20254c0, 0x00000218c2025578]
Event: 15.304 Thread 0x00000218d0dbd800 3229       2       java.lang.invoke.MethodHandles$Lookup::resolveOrFail (39 bytes)
Event: 15.305 Thread 0x00000218d0dbd800 nmethod 3229 0x00000218bafe9710 code [0x00000218bafe9940, 0x00000218bafe9e48]
Event: 15.305 Thread 0x00000218d0dbd800 3230       2       java.lang.invoke.MethodHandles$Lookup::getDirectMethodForConstant (71 bytes)
Event: 15.305 Thread 0x00000218d0dbd800 nmethod 3230 0x00000218bafea110 code [0x00000218bafea360, 0x00000218bafea908]
Event: 15.309 Thread 0x00000218d0dbd800 3231       2       java.net.URLClassLoader$1::run (5 bytes)
Event: 15.309 Thread 0x00000218d0dbd800 nmethod 3231 0x00000218bafeac10 code [0x00000218bafeadc0, 0x00000218bafeaec8]
Event: 15.330 Thread 0x00000218d0dbd800 3232       2       org.gradle.launcher.daemon.server.exec.DaemonConnectionBackedEventConsumer$ForwardEvents::moreMessagesToSend (35 bytes)
Event: 15.330 Thread 0x00000218d0dbd800 nmethod 3232 0x00000218bafeaf90 code [0x00000218bafeb140, 0x00000218bafeb2c8]
Event: 15.330 Thread 0x00000218d0dbd800 3233   !   2       org.gradle.launcher.daemon.server.exec.DaemonConnectionBackedEventConsumer$ForwardEvents::getNextEvent (27 bytes)
Event: 15.331 Thread 0x00000218d0dbd800 nmethod 3233 0x00000218bafeb390 code [0x00000218bafeb540, 0x00000218bafeb6e8]
Event: 15.332 Thread 0x00000218d0dbd800 3234   !   2       java.lang.invoke.MethodHandles$Lookup::canBeCached (150 bytes)
Event: 15.333 Thread 0x00000218d0dbd800 nmethod 3234 0x00000218bafeb810 code [0x00000218bafebaa0, 0x00000218bafec3e8]
Event: 15.333 Thread 0x00000218d0dbd800 3235       2       java.lang.invoke.InfoFromMemberName::getDeclaringClass (8 bytes)
Event: 15.334 Thread 0x00000218d0dbd800 nmethod 3235 0x00000218bafeca90 code [0x00000218bafecc40, 0x00000218bafecd38]
Event: 15.336 Thread 0x00000218d0dbd800 3236   !   2       java.net.URLClassLoader$1::run (63 bytes)
Event: 15.337 Thread 0x00000218d0dbd800 nmethod 3236 0x00000218bafece10 code [0x00000218bafed000, 0x00000218bafed2c8]
Event: 15.503 Thread 0x00000218d0dbd800 3238       2       org.gradle.internal.classpath.DefaultClassPath::of (33 bytes)
Event: 15.503 Thread 0x00000218d0dbd800 nmethod 3238 0x00000218bafed510 code [0x00000218bafed6e0, 0x00000218bafed938]

GC Heap History (12 events):
Event: 1.126 GC heap before
{Heap before GC invocations=0 (full 0):
 garbage-first heap   total 129024K, used 29696K [0x0000000080000000, 0x0000000100000000)
  region size 1024K, 24 young (24576K), 0 survivors (0K)
 Metaspace       used 9787K, capacity 9986K, committed 10112K, reserved 1058816K
  class space    used 1021K, capacity 1102K, committed 1152K, reserved 1048576K
}
Event: 1.132 GC heap after
{Heap after GC invocations=1 (full 0):
 garbage-first heap   total 129024K, used 9146K [0x0000000080000000, 0x0000000100000000)
  region size 1024K, 3 young (3072K), 3 survivors (3072K)
 Metaspace       used 9787K, capacity 9986K, committed 10112K, reserved 1058816K
  class space    used 1021K, capacity 1102K, committed 1152K, reserved 1048576K
}
Event: 2.449 GC heap before
{Heap before GC invocations=1 (full 0):
 garbage-first heap   total 129024K, used 31674K [0x0000000080000000, 0x0000000100000000)
  region size 1024K, 25 young (25600K), 3 survivors (3072K)
 Metaspace       used 10728K, capacity 11003K, committed 11264K, reserved 1058816K
  class space    used 1122K, capacity 1206K, committed 1280K, reserved 1048576K
}
Event: 2.473 GC heap after
{Heap after GC invocations=2 (full 0):
 garbage-first heap   total 129024K, used 10332K [0x0000000080000000, 0x0000000100000000)
  region size 1024K, 1 young (1024K), 1 survivors (1024K)
 Metaspace       used 10728K, capacity 11003K, committed 11264K, reserved 1058816K
  class space    used 1122K, capacity 1206K, committed 1280K, reserved 1048576K
}
Event: 7.299 GC heap before
{Heap before GC invocations=2 (full 0):
 garbage-first heap   total 129024K, used 58460K [0x0000000080000000, 0x0000000100000000)
  region size 1024K, 47 young (48128K), 1 survivors (1024K)
 Metaspace       used 17429K, capacity 17830K, committed 18048K, reserved 1064960K
  class space    used 2033K, capacity 2172K, committed 2176K, reserved 1048576K
}
Event: 7.304 GC heap after
{Heap after GC invocations=3 (full 0):
 garbage-first heap   total 129024K, used 16666K [0x0000000080000000, 0x0000000100000000)
  region size 1024K, 6 young (6144K), 6 survivors (6144K)
 Metaspace       used 17429K, capacity 17830K, committed 18048K, reserved 1064960K
  class space    used 2033K, capacity 2172K, committed 2176K, reserved 1048576K
}
Event: 7.625 GC heap before
{Heap before GC invocations=3 (full 0):
 garbage-first heap   total 129024K, used 44314K [0x0000000080000000, 0x0000000100000000)
  region size 1024K, 34 young (34816K), 6 survivors (6144K)
 Metaspace       used 20636K, capacity 21118K, committed 21248K, reserved 1067008K
  class space    used 2520K, capacity 2720K, committed 2816K, reserved 1048576K
}
Event: 7.631 GC heap after
{Heap after GC invocations=4 (full 0):
 garbage-first heap   total 129024K, used 17430K [0x0000000080000000, 0x0000000100000000)
  region size 1024K, 2 young (2048K), 2 survivors (2048K)
 Metaspace       used 20636K, capacity 21118K, committed 21248K, reserved 1067008K
  class space    used 2520K, capacity 2720K, committed 2816K, reserved 1048576K
}
Event: 8.488 GC heap before
{Heap before GC invocations=5 (full 0):
 garbage-first heap   total 129024K, used 65558K [0x0000000080000000, 0x0000000100000000)
  region size 1024K, 50 young (51200K), 2 survivors (2048K)
 Metaspace       used 25639K, capacity 26290K, committed 26496K, reserved 1073152K
  class space    used 3355K, capacity 3598K, committed 3712K, reserved 1048576K
}
Event: 8.492 GC heap after
{Heap after GC invocations=6 (full 0):
 garbage-first heap   total 129024K, used 19017K [0x0000000080000000, 0x0000000100000000)
  region size 1024K, 3 young (3072K), 3 survivors (3072K)
 Metaspace       used 25639K, capacity 26290K, committed 26496K, reserved 1073152K
  class space    used 3355K, capacity 3598K, committed 3712K, reserved 1048576K
}
Event: 15.002 GC heap before
{Heap before GC invocations=6 (full 0):
 garbage-first heap   total 129024K, used 78409K [0x0000000080000000, 0x0000000100000000)
  region size 1024K, 63 young (64512K), 3 survivors (3072K)
 Metaspace       used 35024K, capacity 35831K, committed 35840K, reserved 1081344K
  class space    used 4535K, capacity 4864K, committed 4864K, reserved 1048576K
}
Event: 15.012 GC heap after
{Heap after GC invocations=7 (full 0):
 garbage-first heap   total 129024K, used 22551K [0x0000000080000000, 0x0000000100000000)
  region size 1024K, 7 young (7168K), 7 survivors (7168K)
 Metaspace       used 35024K, capacity 35831K, committed 35840K, reserved 1081344K
  class space    used 4535K, capacity 4864K, committed 4864K, reserved 1048576K
}

Deoptimization events (20 events):
Event: 15.001 Thread 0x00000218d42e9800 Uncommon trap: trap_request=0xffffff4d fr.pc=0x00000218c200036c relative=0x000000000000150c
Event: 15.001 Thread 0x00000218d42e9800 Uncommon trap: reason=unstable_if action=reinterpret pc=0x00000218c200036c method=sun.nio.fs.WindowsPathParser.isSlash(C)Z @ 9 c2
Event: 15.001 Thread 0x00000218d42e9800 DEOPT PACKING pc=0x00000218c200036c sp=0x0000004a415f9590
Event: 15.001 Thread 0x00000218d42e9800 DEOPT UNPACKING pc=0x00000218ba4278af sp=0x0000004a415f9520 mode 2
Event: 15.001 Thread 0x00000218d42e9800 Uncommon trap: trap_request=0xffffff4d fr.pc=0x00000218c1ee7b5c relative=0x000000000000003c
Event: 15.001 Thread 0x00000218d42e9800 Uncommon trap: reason=unstable_if action=reinterpret pc=0x00000218c1ee7b5c method=sun.nio.fs.WindowsPathParser.isSlash(C)Z @ 9 c2
Event: 15.001 Thread 0x00000218d42e9800 DEOPT PACKING pc=0x00000218c1ee7b5c sp=0x0000004a415f9590
Event: 15.001 Thread 0x00000218d42e9800 DEOPT UNPACKING pc=0x00000218ba4278af sp=0x0000004a415f9518 mode 2
Event: 15.097 Thread 0x00000218d42e9800 DEOPT PACKING pc=0x00000218baf80a3e sp=0x0000004a415f9510
Event: 15.097 Thread 0x00000218d42e9800 DEOPT UNPACKING pc=0x00000218ba4276ce sp=0x0000004a415f8988 mode 0
Event: 15.097 Thread 0x00000218d42e9800 DEOPT PACKING pc=0x00000218baf80f50 sp=0x0000004a415f95c0
Event: 15.097 Thread 0x00000218d42e9800 DEOPT UNPACKING pc=0x00000218ba4276ce sp=0x0000004a415f8a68 mode 0
Event: 15.098 Thread 0x00000218d42e9800 DEOPT PACKING pc=0x00000218baf80567 sp=0x0000004a415f94e0
Event: 15.098 Thread 0x00000218d42e9800 DEOPT UNPACKING pc=0x00000218ba4276ce sp=0x0000004a415f89c8 mode 0
Event: 15.110 Thread 0x00000218d42e9800 DEOPT PACKING pc=0x00000218baf8895b sp=0x0000004a415f9530
Event: 15.110 Thread 0x00000218d42e9800 DEOPT UNPACKING pc=0x00000218ba4276ce sp=0x0000004a415f89d0 mode 0
Event: 15.110 Thread 0x00000218d42e9800 DEOPT PACKING pc=0x00000218baf892bb sp=0x0000004a415f94e0
Event: 15.110 Thread 0x00000218d42e9800 DEOPT UNPACKING pc=0x00000218ba4276ce sp=0x0000004a415f8960 mode 0
Event: 15.217 Thread 0x00000218d42e9800 DEOPT PACKING pc=0x00000218bafbfdc0 sp=0x0000004a415f9240
Event: 15.217 Thread 0x00000218d42e9800 DEOPT UNPACKING pc=0x00000218ba4276ce sp=0x0000004a415f8758 mode 0

Classes redefined (0 events):
No events

Internal exceptions (20 events):
Event: 14.366 Thread 0x00000218d42e9800 Exception <a 'java/lang/NoSuchMethodError'{0x0000000084e2aaa8}: 'void java.lang.invoke.DirectMethodHandle$Holder.invokeStaticInit(java.lang.Object, java.lang.Object, java.lang.Object)'> (0x0000000084e2aaa8) thrown at [./src/hotspot/share/interpreter/linkResolver.cpp, line 773]
Event: 14.367 Thread 0x00000218d42e9800 Exception <a 'java/lang/NoSuchMethodError'{0x0000000084e31880}: 'void java.lang.invoke.DirectMethodHandle$Holder.invokeStaticInit(java.lang.Object, java.lang.Object, java.lang.Object, java.lang.Object)'> (0x0000000084e31880) thrown at [./src/hotspot/share/interpreter/linkResolver.cpp, line 773]
Event: 14.371 Thread 0x00000218d42e9800 Exception <a 'java/lang/NoSuchMethodError'{0x0000000084e53eb8}: 'void java.lang.invoke.DirectMethodHandle$Holder.invokeStaticInit(java.lang.Object, java.lang.Object, java.lang.Object, java.lang.Object, java.lang.Object)'> (0x0000000084e53eb8) thrown at [./src/hotspot/share/interpreter/linkResolver.cpp, line 773]
Event: 14.397 Thread 0x00000218d42e9800 Exception <a 'java/lang/NoSuchMethodError'{0x0000000084e5b5c8}: 'int java.lang.invoke.DirectMethodHandle$Holder.invokeStaticInit(java.lang.Object, java.lang.Object, java.lang.Object)'> (0x0000000084e5b5c8) thrown at [./src/hotspot/share/interpreter/linkResolver.cpp, line 773]
Event: 14.447 Thread 0x00000218d42e9800 Exception <a 'java/lang/NoSuchMethodError'{0x0000000084eba588}: 'int java.lang.invoke.DirectMethodHandle$Holder.invokeStaticInit(java.lang.Object, java.lang.Object, java.lang.Object, java.lang.Object)'> (0x0000000084eba588) thrown at [./src/hotspot/share/interpreter/linkResolver.cpp, line 773]
Event: 14.460 Thread 0x00000218d42e9800 Exception <a 'java/lang/IncompatibleClassChangeError'{0x0000000084ec3ae8}: Found class java.lang.Object, but interface was expected> (0x0000000084ec3ae8) thrown at [./src/hotspot/share/interpreter/linkResolver.cpp, line 839]
Event: 14.886 Thread 0x00000218d42e9800 Exception <a 'java/lang/NoSuchMethodError'{0x000000008431d900}: 'java.lang.Object java.lang.invoke.DirectMethodHandle$Holder.invokeStatic(java.lang.Object, java.lang.Object, java.lang.Object, java.lang.Object, java.lang.Object, java.lang.Object, java.lang.Object, java.lang.Object, java.lang.Object, java.lang.Object, java.lang.Object, int)'> (0x000000008431d900) thrown at [./src/hotspot/share/interpreter/linkResolver.cpp, line 773]
Event: 14.888 Thread 0x00000218d42e9800 Exception <a 'java/lang/NoSuchMethodError'{0x000000008433c2a0}: 'java.lang.Object java.lang.invoke.DirectMethodHandle$Holder.invokeStatic(java.lang.Object, java.lang.Object, java.lang.Object, java.lang.Object, java.lang.Object, java.lang.Object, java.lang.Object, java.lang.Object, java.lang.Object, java.lang.Object, java.lang.Object, int, int)'> (0x000000008433c2a0) thrown at [./src/hotspot/share/interpreter/linkResolver.cpp, line 773]
Event: 14.890 Thread 0x00000218d42e9800 Exception <a 'java/lang/NoSuchMethodError'{0x000000008435bad0}: 'java.lang.Object java.lang.invoke.DirectMethodHandle$Holder.invokeStatic(java.lang.Object, java.lang.Object, java.lang.Object, java.lang.Object, java.lang.Object, java.lang.Object, java.lang.Object, java.lang.Object, java.lang.Object, java.lang.Object, java.lang.Object, int, int, java.lang.Object)'> (0x000000008435bad0) thrown at [./src/hotspot/share/interpreter/linkResolver.cpp, line 773]
Event: 14.891 Thread 0x00000218d42e9800 Exception <a 'java/lang/NoSuchMethodError'{0x000000008437cbc8}: 'java.lang.Object java.lang.invoke.DirectMethodHandle$Holder.invokeStatic(java.lang.Object, java.lang.Object, java.lang.Object, java.lang.Object, java.lang.Object, java.lang.Object, java.lang.Object, java.lang.Object, java.lang.Object, java.lang.Object, java.lang.Object, int, int, java.lang.Object, java.lang.Object)'> (0x000000008437cbc8) thrown at [./src/hotspot/share/interpreter/linkResolver.cpp, line 773]
Event: 14.893 Thread 0x00000218d42e9800 Exception <a 'java/lang/ClassNotFoundException'{0x00000000843acef0}: groovy/lang/ExpandoMetaClassBeanInfo> (0x00000000843acef0) thrown at [./src/hotspot/share/classfile/systemDictionary.cpp, line 231]
Event: 14.894 Thread 0x00000218d42e9800 Exception <a 'java/lang/ClassNotFoundException'{0x00000000843cd130}: groovy/lang/MetaClassImplBeanInfo> (0x00000000843cd130) thrown at [./src/hotspot/share/classfile/systemDictionary.cpp, line 231]
Event: 14.894 Thread 0x00000218d42e9800 Exception <a 'java/lang/ClassNotFoundException'{0x00000000843d6238}: java/lang/ObjectBeanInfo> (0x00000000843d6238) thrown at [./src/hotspot/share/classfile/systemDictionary.cpp, line 231]
Event: 14.895 Thread 0x00000218d42e9800 Exception <a 'java/lang/ClassNotFoundException'{0x00000000843e1778}: java/lang/ObjectCustomizer> (0x00000000843e1778) thrown at [./src/hotspot/share/classfile/systemDictionary.cpp, line 231]
Event: 14.901 Thread 0x00000218d42e9800 Exception <a 'java/lang/ClassNotFoundException'{0x0000000084208c48}: groovy/lang/MetaClassImplCustomizer> (0x0000000084208c48) thrown at [./src/hotspot/share/classfile/systemDictionary.cpp, line 231]
Event: 14.903 Thread 0x00000218d42e9800 Exception <a 'java/lang/ClassNotFoundException'{0x0000000084248888}: groovy/lang/ExpandoMetaClassCustomizer> (0x0000000084248888) thrown at [./src/hotspot/share/classfile/systemDictionary.cpp, line 231]
Event: 15.287 Thread 0x00000218d42e9800 Exception <a 'java/lang/ClassNotFoundException'{0x00000000868df810}: org/gradle/internal/extensibility/DefaultExtraPropertiesExtensionBeanInfo> (0x00000000868df810) thrown at [./src/hotspot/share/classfile/systemDictionary.cpp, line 231]
Event: 15.288 Thread 0x00000218d42e9800 Exception <a 'java/lang/ClassNotFoundException'{0x0000000086701158}: groovy/lang/GroovyObjectSupportBeanInfo> (0x0000000086701158) thrown at [./src/hotspot/share/classfile/systemDictionary.cpp, line 231]
Event: 15.288 Thread 0x00000218d42e9800 Exception <a 'java/lang/ClassNotFoundException'{0x0000000086722610}: groovy/lang/GroovyObjectSupportCustomizer> (0x0000000086722610) thrown at [./src/hotspot/share/classfile/systemDictionary.cpp, line 231]
Event: 15.290 Thread 0x00000218d42e9800 Exception <a 'java/lang/ClassNotFoundException'{0x000000008674a1e8}: org/gradle/internal/extensibility/DefaultExtraPropertiesExtensionCustomizer> (0x000000008674a1e8) thrown at [./src/hotspot/share/classfile/systemDictionary.cpp, line 231]

Events (20 events):
Event: 15.504 loading class org/gradle/groovy/scripts/internal/FileCacheBackedScriptClassCompiler$1 done
Event: 15.504 loading class org/gradle/internal/classpath/CompositeTransformer
Event: 15.504 loading class org/gradle/internal/classpath/CompositeTransformer done
Event: 15.505 loading class org/gradle/internal/classpath/InstrumentingTransformer
Event: 15.505 loading class org/gradle/internal/classpath/InstrumentingTransformer done
Event: 15.505 loading class org/gradle/internal/classpath/InstrumentingBackwardsCompatibilityVisitor
Event: 15.505 loading class org/gradle/internal/classpath/InstrumentingBackwardsCompatibilityVisitor done
Event: 15.506 loading class org/gradle/internal/classpath/Instrumented
Event: 15.506 loading class org/gradle/internal/classpath/Instrumented done
Event: 15.507 loading class java/lang/invoke/SerializedLambda
Event: 15.507 loading class java/lang/invoke/SerializedLambda done
Event: 15.507 loading class org/gradle/internal/classpath/InstrumentingClasspathFileTransformer
Event: 15.507 loading class org/gradle/internal/classpath/InstrumentingClasspathFileTransformer done
Event: 15.508 loading class org/gradle/internal/classpath/ClassPath
Event: 15.508 loading class org/gradle/internal/classpath/ClassPath done
Event: 15.508 loading class org/gradle/internal/classpath/ClassPath
Event: 15.508 loading class org/gradle/internal/classpath/ClassPath done
Event: 15.508 loading class org/gradle/internal/classpath/DefaultCachedClasspathTransformer
Event: 15.508 loading class org/gradle/internal/classpath/DefaultCachedClasspathTransformer done
Event: 15.690 Loaded shared library D:\Instalations\Android\jre\bin\java.dll


Dynamic libraries:
0x00007ff7cca70000 - 0x00007ff7cca7a000 	D:\Instalations\Android\jre\bin\java.exe
0x00007ff8e46b0000 - 0x00007ff8e48a5000 	C:\WINDOWS\SYSTEM32\ntdll.dll
0x00007ff8e26c0000 - 0x00007ff8e277e000 	C:\WINDOWS\System32\KERNEL32.DLL
0x00007ff8e1f40000 - 0x00007ff8e2208000 	C:\WINDOWS\System32\KERNELBASE.dll
0x00007ff8e2270000 - 0x00007ff8e2370000 	C:\WINDOWS\System32\ucrtbase.dll
0x00007ff8ba010000 - 0x00007ff8ba027000 	D:\Instalations\Android\jre\bin\VCRUNTIME140.dll
0x00007ff8b8ce0000 - 0x00007ff8b8cf9000 	D:\Instalations\Android\jre\bin\jli.dll
0x00007ff8e33d0000 - 0x00007ff8e3571000 	C:\WINDOWS\System32\USER32.dll
0x00007ff8e1e80000 - 0x00007ff8e1ea2000 	C:\WINDOWS\System32\win32u.dll
0x00007ff8cf980000 - 0x00007ff8cfc1a000 	C:\WINDOWS\WinSxS\amd64_microsoft.windows.common-controls_6595b64144ccf1df_6.0.19041.1110_none_60b5254171f9507e\COMCTL32.dll
0x00007ff8e3af0000 - 0x00007ff8e3b1b000 	C:\WINDOWS\System32\GDI32.dll
0x00007ff8e28d0000 - 0x00007ff8e296e000 	C:\WINDOWS\System32\msvcrt.dll
0x00007ff8e2420000 - 0x00007ff8e252d000 	C:\WINDOWS\System32\gdi32full.dll
0x00007ff8e1d90000 - 0x00007ff8e1e2d000 	C:\WINDOWS\System32\msvcp_win.dll
0x00007ff8e2780000 - 0x00007ff8e27b0000 	C:\WINDOWS\System32\IMM32.DLL
0x00007ff890140000 - 0x00007ff8901dd000 	D:\Instalations\Android\jre\bin\msvcp140.dll
0x00007ff88ee30000 - 0x00007ff88f8ff000 	D:\Instalations\Android\jre\bin\server\jvm.dll
0x00007ff8e2b50000 - 0x00007ff8e2bfc000 	C:\WINDOWS\System32\ADVAPI32.dll
0x00007ff8e2ab0000 - 0x00007ff8e2b4b000 	C:\WINDOWS\System32\sechost.dll
0x00007ff8e4510000 - 0x00007ff8e463a000 	C:\WINDOWS\System32\RPCRT4.dll
0x00007ff8e2c00000 - 0x00007ff8e2c08000 	C:\WINDOWS\System32\PSAPI.DLL
0x00007ff8c8700000 - 0x00007ff8c8727000 	C:\WINDOWS\SYSTEM32\WINMM.dll
0x00007ff8d8840000 - 0x00007ff8d884a000 	C:\WINDOWS\SYSTEM32\VERSION.dll
0x00007ff8d0070000 - 0x00007ff8d0079000 	C:\WINDOWS\SYSTEM32\WSOCK32.dll
0x00007ff8e2c10000 - 0x00007ff8e2c7b000 	C:\WINDOWS\System32\ws2_32.DLL
0x00007ff8e0610000 - 0x00007ff8e0622000 	C:\WINDOWS\SYSTEM32\kernel.appcore.dll
0x00007ff8d1fb0000 - 0x00007ff8d1fc1000 	D:\Instalations\Android\jre\bin\verify.dll
0x00007ff8e0330000 - 0x00007ff8e0514000 	C:\WINDOWS\SYSTEM32\DBGHELP.DLL
0x00007ff8cf3b0000 - 0x00007ff8cf3dc000 	C:\WINDOWS\SYSTEM32\dbgcore.DLL
0x00007ff8e1eb0000 - 0x00007ff8e1f32000 	C:\WINDOWS\System32\bcryptPrimitives.dll
0x00007ff8c7ff0000 - 0x00007ff8c8019000 	D:\Instalations\Android\jre\bin\java.dll
0x00007ff8da3e0000 - 0x00007ff8da3eb000 	D:\Instalations\Android\jre\bin\jimage.dll
0x00007ff8cf030000 - 0x00007ff8cf048000 	D:\Instalations\Android\jre\bin\zip.dll
0x00007ff8e2c80000 - 0x00007ff8e33c4000 	C:\WINDOWS\System32\SHELL32.dll
0x00007ff8dfb90000 - 0x00007ff8e0324000 	C:\WINDOWS\SYSTEM32\windows.storage.dll
0x00007ff8e4010000 - 0x00007ff8e4365000 	C:\WINDOWS\System32\combase.dll
0x00007ff8e17e0000 - 0x00007ff8e180e000 	C:\WINDOWS\SYSTEM32\Wldp.dll
0x00007ff8e3d50000 - 0x00007ff8e3dfd000 	C:\WINDOWS\System32\SHCORE.dll
0x00007ff8e2980000 - 0x00007ff8e29d5000 	C:\WINDOWS\System32\shlwapi.dll
0x00007ff8e1cd0000 - 0x00007ff8e1cef000 	C:\WINDOWS\SYSTEM32\profapi.dll
0x00007ff8c0de0000 - 0x00007ff8c0dfa000 	D:\Instalations\Android\jre\bin\net.dll
0x00007ff8d48a0000 - 0x00007ff8d49ac000 	C:\WINDOWS\SYSTEM32\WINHTTP.dll
0x00007ff8e1540000 - 0x00007ff8e15aa000 	C:\WINDOWS\system32\mswsock.dll
0x00007ff8c0dc0000 - 0x00007ff8c0dd4000 	D:\Instalations\Android\jre\bin\nio.dll
0x00007ff8afd00000 - 0x00007ff8afd27000 	C:\Users\ptija\.gradle\native\8bec1ad78214c89d9ad589b4d07fe93259594b29d510b10fafb7a158f7737e5d\windows-amd64\native-platform.dll
0x00007ff896910000 - 0x00007ff896a4d000 	C:\Users\ptija\.gradle\native\53dbd7edfb1c66fb8903c78663c9afc45aea4f116125fa6feffd364cf09443e8\windows-amd64\native-platform-file-events.dll
0x00007ff8da390000 - 0x00007ff8da39a000 	D:\Instalations\Android\jre\bin\management.dll
0x00007ff8d7bd0000 - 0x00007ff8d7bdc000 	D:\Instalations\Android\jre\bin\management_ext.dll
0x00007ff8e1740000 - 0x00007ff8e1758000 	C:\WINDOWS\SYSTEM32\CRYPTSP.dll
0x00007ff8e0e40000 - 0x00007ff8e0e74000 	C:\WINDOWS\system32\rsaenh.dll
0x00007ff8e2530000 - 0x00007ff8e2557000 	C:\WINDOWS\System32\bcrypt.dll
0x00007ff8e1c90000 - 0x00007ff8e1cbe000 	C:\WINDOWS\SYSTEM32\USERENV.dll
0x00007ff8e1730000 - 0x00007ff8e173c000 	C:\WINDOWS\SYSTEM32\CRYPTBASE.dll
0x00007ff8e11e0000 - 0x00007ff8e121b000 	C:\WINDOWS\SYSTEM32\IPHLPAPI.DLL
0x00007ff8e2970000 - 0x00007ff8e2978000 	C:\WINDOWS\System32\NSI.dll
0x00007ff8d83f0000 - 0x00007ff8d8407000 	C:\WINDOWS\SYSTEM32\dhcpcsvc6.DLL
0x00007ff8d8430000 - 0x00007ff8d844d000 	C:\WINDOWS\SYSTEM32\dhcpcsvc.DLL
0x00007ff8e1220000 - 0x00007ff8e12eb000 	C:\WINDOWS\SYSTEM32\DNSAPI.dll

dbghelp: loaded successfully - version: 4.0.5 - missing functions: none
symbol engine: initialized successfully - sym options: 0x614 - pdb path: .;D:\Instalations\Android\jre\bin;C:\WINDOWS\SYSTEM32;C:\WINDOWS\WinSxS\amd64_microsoft.windows.common-controls_6595b64144ccf1df_6.0.19041.1110_none_60b5254171f9507e;D:\Instalations\Android\jre\bin\server;C:\Users\ptija\.gradle\native\8bec1ad78214c89d9ad589b4d07fe93259594b29d510b10fafb7a158f7737e5d\windows-amd64;C:\Users\ptija\.gradle\native\53dbd7edfb1c66fb8903c78663c9afc45aea4f116125fa6feffd364cf09443e8\windows-amd64

VM Arguments:
jvm_args: --add-opens=java.base/java.util=ALL-UNNAMED --add-opens=java.base/java.lang=ALL-UNNAMED --add-opens=java.base/java.lang.invoke=ALL-UNNAMED --add-opens=java.base/java.util=ALL-UNNAMED --add-opens=java.prefs/java.util.prefs=ALL-UNNAMED --add-opens=java.prefs/java.util.prefs=ALL-UNNAMED --add-opens=java.base/java.nio.charset=ALL-UNNAMED --add-opens=java.base/java.net=ALL-UNNAMED --add-opens=java.base/java.util.concurrent.atomic=ALL-UNNAMED -Xmx2048m -Dfile.encoding=UTF-8 -Duser.country=US -Duser.language=en -Duser.variant 
java_command: org.gradle.launcher.daemon.bootstrap.GradleDaemon 7.0.2
java_class_path (initial): C:\Users\ptija\.gradle\wrapper\dists\gradle-7.0.2-bin\857tjihv64xamwrf0h14cai3r\gradle-7.0.2\lib\gradle-launcher-7.0.2.jar
Launcher Type: SUN_STANDARD

[Global flags]
     intx CICompilerCount                          = 4                                         {product} {ergonomic}
     uint ConcGCThreads                            = 2                                         {product} {ergonomic}
     uint G1ConcRefinementThreads                  = 8                                         {product} {ergonomic}
   size_t G1HeapRegionSize                         = 1048576                                   {product} {ergonomic}
    uintx GCDrainStackTargetSize                   = 64                                        {product} {ergonomic}
   size_t InitialHeapSize                          = 132120576                                 {product} {ergonomic}
   size_t MarkStackSize                            = 4194304                                   {product} {ergonomic}
   size_t MaxHeapSize                              = 2147483648                                {product} {command line}
   size_t MaxNewSize                               = 1287651328                                {product} {ergonomic}
   size_t MinHeapDeltaBytes                        = 1048576                                   {product} {ergonomic}
    uintx NonNMethodCodeHeapSize                   = 5836300                                {pd product} {ergonomic}
    uintx NonProfiledCodeHeapSize                  = 122910970                              {pd product} {ergonomic}
    uintx ProfiledCodeHeapSize                     = 122910970                              {pd product} {ergonomic}
    uintx ReservedCodeCacheSize                    = 251658240                              {pd product} {ergonomic}
     bool SegmentedCodeCache                       = true                                      {product} {ergonomic}
     bool UseCompressedClassPointers               = true                                 {lp64_product} {ergonomic}
     bool UseCompressedOops                        = true                                 {lp64_product} {ergonomic}
     bool UseG1GC                                  = true                                      {product} {ergonomic}
     bool UseLargePagesIndividualAllocation        = false                                  {pd product} {ergonomic}

Logging:
Log output configuration:
 #0: stdout all=warning uptime,level,tags
 #1: stderr all=off uptime,level,tags

Environment Variables:
PATH=C:\Program Files\Common Files\Oracle\Java\javapath;C:\ProgramData\Anaconda3;C:\ProgramData\Anaconda3\Library\mingw-w64\bin;C:\ProgramData\Anaconda3\Library\usr\bin;C:\ProgramData\Anaconda3\Library\bin;C:\ProgramData\Anaconda3\Scripts;C:\Program Files\ImageMagick-7.0.10-Q16;C:\Program Files (x86)\Common Files\Oracle\Java\javapath;C:\ProgramData\Oracle\Java\javapath;C:\Windows\system32;C:\Windows;C:\Windows\System32\Wbem;C:\Windows\System32\WindowsPowerShell\v1.0\;C:\Windows\System32\OpenSSH\;C:\Program Files (x86)\Windows Live\Shared;C:\Program Files (x86)\NVIDIA Corporation\PhysX\Common;C:\Program Files\NVIDIA Corporation\NVIDIA NvDLISR;C:\Program Files (x86)\Wolfram Research\WolframScript\;C:\Program Files\dotnet\;C:\Program Files (x86)\dotnet\;C:\WINDOWS\system32;C:\WINDOWS;C:\WINDOWS\System32\Wbem;C:\WINDOWS\System32\WindowsPowerShell\v1.0\;C:\WINDOWS\System32\OpenSSH\;C:\Program Files\Git\cmd;C:\Program Files\Intel\Intel(R) Memory and Storage Tool\;C:\Users\ptija\AppData\Local\Programs\Python\Python38-32\Scripts\;C:\Users\ptija\AppData\Local\Programs\Python\Python38-32\;C:\Users\ptija\AppData\Local\Microsoft\WindowsApps;;C:\Users\ptija\AppData\Local\Programs\Microsoft VS Code\bin;C:\Program Files\JetBrains\PyCharm Community Edition 2020.1.1\bin;;C:\Users\ptija\.dotnet\tools
USERNAME=ptija
OS=Windows_NT
PROCESSOR_IDENTIFIER=Intel64 Family 6 Model 142 Stepping 12, GenuineIntel



---------------  S Y S T E M  ---------------

OS: Windows 10 , 64 bit Build 19041 (10.0.19041.1348)
OS uptime: 3 days 1:21 hours

CPU:total 8 (initial active 8) (4 cores per cpu, 2 threads per core) family 6 model 142 stepping 12 microcode 0xb8, cmov, cx8, fxsr, mmx, sse, sse2, sse3, ssse3, sse4.1, sse4.2, popcnt, avx, avx2, aes, clmul, erms, 3dnowpref, lzcnt, ht, tsc, tscinvbit, bmi1, bmi2, adx, fma

Memory: 4k page, system-wide physical 8043M (47M free)
TotalPageFile size 27082M (AvailPageFile size 2M)
current process WorkingSet (physical memory assigned to process): 227M, peak: 227M
current process commit charge ("private bytes"): 306M, peak: 308M

vm_info: OpenJDK 64-Bit Server VM (11.0.10+0-b96-7249189) for windows-amd64 JRE (11.0.10+0-b96-7249189), built on Mar 31 2021 21:44:00 by "builder" with MS VC++ 14.0 (VS2015)

END.
