#
# There is insufficient memory for the Java Runtime Environment to continue.
# Native memory allocation (mmap) failed to map 32505856 bytes for Failed to commit area from 0x0000000089800000 to 0x000000008b700000 of length 32505856.
# Possible reasons:
#   The system is out of physical RAM or swap space
#   The process is running with CompressedOops enabled, and the Java Heap may be blocking the growth of the native heap
# Possible solutions:
#   Reduce memory load on the system
#   Increase physical memory or swap space
#   Check if swap backing store is full
#   Decrease Java heap size (-Xmx/-Xms)
#   Decrease number of Java threads
#   Decrease Java thread stack sizes (-Xss)
#   Set larger code cache with -XX:ReservedCodeCacheSize=
#   JVM is running with Unscaled Compressed Oops mode in which the Java heap is
#     placed in the first 4GB address space. The Java Heap base address is the
#     maximum limit for the native heap growth. Please use -XX:HeapBaseMinAddress
#     to set the Java Heap base and to place the Java Heap above 4GB virtual address.
# This output file may be truncated or incomplete.
#
#  Out of Memory Error (./src/hotspot/os/windows/os_windows.cpp:3301), pid=21308, tid=24784
#
# JRE version: OpenJDK Runtime Environment (11.0.10) (build 11.0.10+0-b96-7249189)
# Java VM: OpenJDK 64-Bit Server VM (11.0.10+0-b96-7249189, mixed mode, tiered, compressed oops, g1 gc, windows-amd64)
# No core dump will be written. Minidumps are not enabled by default on client versions of Windows
#

---------------  S U M M A R Y ------------

Command Line: --add-opens=java.base/java.util=ALL-UNNAMED --add-opens=java.base/java.lang=ALL-UNNAMED --add-opens=java.base/java.lang.invoke=ALL-UNNAMED --add-opens=java.base/java.util=ALL-UNNAMED --add-opens=java.prefs/java.util.prefs=ALL-UNNAMED --add-opens=java.prefs/java.util.prefs=ALL-UNNAMED --add-opens=java.base/java.nio.charset=ALL-UNNAMED --add-opens=java.base/java.net=ALL-UNNAMED --add-opens=java.base/java.util.concurrent.atomic=ALL-UNNAMED -Xmx2048m -Dfile.encoding=UTF-8 -Duser.country=US -Duser.language=en -Duser.variant org.gradle.launcher.daemon.bootstrap.GradleDaemon 7.0.2

Host: Intel(R) Core(TM) i5-8265U CPU @ 1.60GHz, 8 cores, 7G,  Windows 10 , 64 bit Build 19041 (10.0.19041.1348)
Time: Thu Jan  6 23:58:54 2022 Central Europe Standard Time elapsed time: 31.403184 seconds (0d 0h 0m 31s)

---------------  T H R E A D  ---------------

Current thread (0x0000021b9ea74000):  VMThread "VM Thread" [stack: 0x000000287ed00000,0x000000287ee00000] [id=24784]

Stack: [0x000000287ed00000,0x000000287ee00000]
[error occurred during error reporting (printing stack bounds), id 0xc0000005, EXCEPTION_ACCESS_VIOLATION (0xc0000005) at pc=0x0000021b880f0f2d]

Native frames: (J=compiled Java code, j=interpreted, Vv=VM code, C=native code)
V  [jvm.dll+0x5ecfaa]
V  [jvm.dll+0x722bd5]
V  [jvm.dll+0x72412d]
V  [jvm.dll+0x724745]
V  [jvm.dll+0x7246fb]
V  [jvm.dll+0x5ec348]
V  [jvm.dll+0x5ecad8]
C  [ntdll.dll+0xa20cf]
C  [ntdll.dll+0x51454]
C  [ntdll.dll+0xa0bfe]
C  0x0000021b880f0f2d

VM_Operation (0x00000028009fe020): G1CollectForAllocation, mode: safepoint, requested by thread 0x0000021ba250d000


---------------  P R O C E S S  ---------------

Threads class SMR info:
_java_thread_list=0x0000021ba6f309d0, length=68, elements={
0x0000021b845fc000, 0x0000021b9ea75800, 0x0000021b9ea77000, 0x0000021b9f3f3800,
0x0000021b9ea8c800, 0x0000021b9ea8e800, 0x0000021b9ea91800, 0x0000021b9ea93000,
0x0000021b9ea9c800, 0x0000021b9f541000, 0x0000021ba121b000, 0x0000021ba246b000,
0x0000021ba2466800, 0x0000021ba2469000, 0x0000021ba2465000, 0x0000021ba246a000,
0x0000021ba246b800, 0x0000021ba2466000, 0x0000021ba2467800, 0x0000021ba2468800,
0x0000021ba250d000, 0x0000021ba2510800, 0x0000021ba2513800, 0x0000021ba250e800,
0x0000021ba250f800, 0x0000021ba2511000, 0x0000021ba2512000, 0x0000021ba2513000,
0x0000021ba250e000, 0x0000021ba2516000, 0x0000021ba2517000, 0x0000021ba2517800,
0x0000021ba2514800, 0x0000021ba251a000, 0x0000021ba251b000, 0x0000021ba251c000,
0x0000021ba47b2800, 0x0000021ba47ad000, 0x0000021ba47af800, 0x0000021ba47b3800,
0x0000021ba47ad800, 0x0000021ba47b4000, 0x0000021ba47ae800, 0x0000021ba47b5000,
0x0000021ba47b6000, 0x0000021ba47b0000, 0x0000021ba47b6800, 0x0000021ba47b1000,
0x0000021ba47b7800, 0x0000021ba47ba800, 0x0000021ba47b9000, 0x0000021ba47bb800,
0x0000021ba47ba000, 0x0000021ba4863800, 0x0000021ba4867800, 0x0000021ba4868800,
0x0000021ba4866800, 0x0000021ba4865000, 0x0000021ba4862800, 0x0000021ba486a000,
0x0000021ba486a800, 0x0000021ba486b800, 0x0000021ba4866000, 0x0000021ba486e000,
0x0000021ba486f000, 0x0000021ba4870800, 0x0000021ba486f800, 0x0000021ba8e17800
}

Java Threads: ( => current thread )
  0x0000021b845fc000 JavaThread "main" [_thread_blocked, id=28192, stack(0x000000287e700000,0x000000287e800000)]
  0x0000021b9ea75800 JavaThread "Reference Handler" daemon [_thread_blocked, id=26092, stack(0x000000287ee00000,0x000000287ef00000)]
  0x0000021b9ea77000 JavaThread "Finalizer" daemon [_thread_blocked, id=26388, stack(0x000000287ef00000,0x000000287f000000)]
  0x0000021b9f3f3800 JavaThread "Signal Dispatcher" daemon [_thread_blocked, id=16856, stack(0x000000287f000000,0x000000287f100000)]
  0x0000021b9ea8c800 JavaThread "Attach Listener" daemon [_thread_blocked, id=5200, stack(0x000000287f100000,0x000000287f200000)]
  0x0000021b9ea8e800 JavaThread "Service Thread" daemon [_thread_blocked, id=23344, stack(0x000000287f200000,0x000000287f300000)]
  0x0000021b9ea91800 JavaThread "C2 CompilerThread0" daemon [_thread_blocked, id=28320, stack(0x000000287f300000,0x000000287f400000)]
  0x0000021b9ea93000 JavaThread "C1 CompilerThread0" daemon [_thread_blocked, id=28684, stack(0x000000287f400000,0x000000287f500000)]
  0x0000021b9ea9c800 JavaThread "Sweeper thread" daemon [_thread_blocked, id=29308, stack(0x000000287f500000,0x000000287f600000)]
  0x0000021b9f541000 JavaThread "Common-Cleaner" daemon [_thread_blocked, id=29280, stack(0x000000287f600000,0x000000287f700000)]
  0x0000021ba121b000 JavaThread "Daemon health stats" [_thread_blocked, id=17560, stack(0x000000287fc00000,0x000000287fd00000)]
  0x0000021ba246b000 JavaThread "Incoming local TCP Connector on port 51805" [_thread_in_native, id=27416, stack(0x000000287f800000,0x000000287f900000)]
  0x0000021ba2466800 JavaThread "Daemon periodic checks" [_thread_blocked, id=27004, stack(0x000000287f900000,0x000000287fa00000)]
  0x0000021ba2469000 JavaThread "Daemon" [_thread_blocked, id=27876, stack(0x000000287fd00000,0x000000287fe00000)]
  0x0000021ba2465000 JavaThread "Handler for socket connection from /127.0.0.1:51805 to /127.0.0.1:51806" [_thread_in_native, id=24328, stack(0x000000287fe00000,0x000000287ff00000)]
  0x0000021ba246a000 JavaThread "Cancel handler" [_thread_blocked, id=29140, stack(0x000000287ff00000,0x0000002880000000)]
  0x0000021ba246b800 JavaThread "Daemon worker" [_thread_blocked, id=28028, stack(0x0000002800000000,0x0000002800100000)]
  0x0000021ba2466000 JavaThread "Asynchronous log dispatcher for DefaultDaemonConnection: socket connection from /127.0.0.1:51805 to /127.0.0.1:51806" [_thread_blocked, id=27196, stack(0x0000002800100000,0x0000002800200000)]
  0x0000021ba2467800 JavaThread "Stdin handler" [_thread_blocked, id=29048, stack(0x0000002800200000,0x0000002800300000)]
  0x0000021ba2468800 JavaThread "Daemon client event forwarder" [_thread_blocked, id=14112, stack(0x0000002800300000,0x0000002800400000)]
  0x0000021ba250d000 JavaThread "Cache worker for file hash cache (C:\Users\ptija\.gradle\caches\7.0.2\fileHashes)" [_thread_blocked, id=27988, stack(0x0000002800900000,0x0000002800a00000)]
  0x0000021ba2510800 JavaThread "File lock request listener" [_thread_in_native, id=23644, stack(0x0000002800a00000,0x0000002800b00000)]
  0x0000021ba2513800 JavaThread "Cache worker for journal cache (C:\Users\ptija\.gradle\caches\journal-1)" [_thread_blocked, id=26724, stack(0x0000002800c00000,0x0000002800d00000)]
  0x0000021ba250e800 JavaThread "Cache worker for file hash cache (D:\Radovi\MTS\TourMe\.gradle\7.0.2\fileHashes)" [_thread_blocked, id=26160, stack(0x0000002800e00000,0x0000002800f00000)]
  0x0000021ba250f800 JavaThread "File watcher server" daemon [_thread_blocked, id=29688, stack(0x0000002800f00000,0x0000002801000000)]
  0x0000021ba2511000 JavaThread "File watcher consumer" daemon [_thread_blocked, id=13284, stack(0x0000002801000000,0x0000002801100000)]
  0x0000021ba2512000 JavaThread "Cache worker for checksums cache (D:\Radovi\MTS\TourMe\.gradle\checksums)" [_thread_blocked, id=27808, stack(0x0000002801100000,0x0000002801200000)]
  0x0000021ba2513000 JavaThread "Cache worker for cache directory md-supplier (C:\Users\ptija\.gradle\caches\7.0.2\md-supplier)" [_thread_blocked, id=23496, stack(0x0000002801200000,0x0000002801300000)]
  0x0000021ba250e000 JavaThread "Cache worker for cache directory md-rule (C:\Users\ptija\.gradle\caches\7.0.2\md-rule)" [_thread_blocked, id=1420, stack(0x0000002801400000,0x0000002801500000)]
  0x0000021ba2516000 JavaThread "Cache worker for execution history cache (C:\Users\ptija\.gradle\caches\7.0.2\executionHistory)" [_thread_blocked, id=11804, stack(0x0000002801500000,0x0000002801600000)]
  0x0000021ba2517000 JavaThread "jar transforms" [_thread_blocked, id=25720, stack(0x0000002801300000,0x0000002801400000)]
  0x0000021ba2517800 JavaThread "jar transforms Thread 2" [_thread_blocked, id=20696, stack(0x0000002801600000,0x0000002801700000)]
  0x0000021ba2514800 JavaThread "Cache worker for file content cache (C:\Users\ptija\.gradle\caches\7.0.2\fileContent)" [_thread_blocked, id=27752, stack(0x0000002801700000,0x0000002801800000)]
  0x0000021ba251a000 JavaThread "Cache worker for dependencies-accessors (D:\Radovi\MTS\TourMe\.gradle\7.0.2\dependencies-accessors)" [_thread_blocked, id=11516, stack(0x0000002801800000,0x0000002801900000)]
  0x0000021ba251b000 JavaThread "jar transforms Thread 3" [_thread_blocked, id=18528, stack(0x0000002801900000,0x0000002801a00000)]
  0x0000021ba251c000 JavaThread "Cache worker for Build Output Cleanup Cache (D:\Radovi\MTS\TourMe\.gradle\buildOutputCleanup)" [_thread_blocked, id=4328, stack(0x0000002801a00000,0x0000002801b00000)]
  0x0000021ba47b2800 JavaThread "Build operations" [_thread_blocked, id=26936, stack(0x0000002801b00000,0x0000002801c00000)]
  0x0000021ba47ad000 JavaThread "Build operations Thread 2" [_thread_blocked, id=29388, stack(0x0000002801c00000,0x0000002801d00000)]
  0x0000021ba47af800 JavaThread "Build operations Thread 3" [_thread_blocked, id=22916, stack(0x0000002801d00000,0x0000002801e00000)]
  0x0000021ba47b3800 JavaThread "Build operations Thread 4" [_thread_blocked, id=24780, stack(0x0000002801e00000,0x0000002801f00000)]
  0x0000021ba47ad800 JavaThread "Build operations Thread 5" [_thread_blocked, id=28388, stack(0x0000002801f00000,0x0000002802000000)]
  0x0000021ba47b4000 JavaThread "Build operations Thread 6" [_thread_blocked, id=28920, stack(0x0000002802000000,0x0000002802100000)]
  0x0000021ba47ae800 JavaThread "Build operations Thread 7" [_thread_blocked, id=14332, stack(0x0000002802100000,0x0000002802200000)]
  0x0000021ba47b5000 JavaThread "Build operations Thread 8" [_thread_blocked, id=15784, stack(0x0000002802200000,0x0000002802300000)]
  0x0000021ba47b6000 JavaThread "jar transforms Thread 4" [_thread_blocked, id=25868, stack(0x0000002802300000,0x0000002802400000)]
  0x0000021ba47b0000 JavaThread "jar transforms Thread 5" [_thread_blocked, id=26584, stack(0x0000002802400000,0x0000002802500000)]
  0x0000021ba47b6800 JavaThread "jar transforms Thread 6" [_thread_blocked, id=28268, stack(0x0000002802500000,0x0000002802600000)]
  0x0000021ba47b1000 JavaThread "jar transforms Thread 7" [_thread_blocked, id=28152, stack(0x0000002802600000,0x0000002802700000)]
  0x0000021ba47b7800 JavaThread "jar transforms Thread 8" [_thread_blocked, id=13480, stack(0x0000002802700000,0x0000002802800000)]
  0x0000021ba47ba800 JavaThread "Memory manager" [_thread_blocked, id=27064, stack(0x0000002800d00000,0x0000002800e00000)]
  0x0000021ba47b9000 JavaThread "build event listener" [_thread_blocked, id=24364, stack(0x0000002802900000,0x0000002802a00000)]
  0x0000021ba47bb800 JavaThread "Execution worker for ':'" [_thread_blocked, id=22912, stack(0x0000002802a00000,0x0000002802b00000)]
  0x0000021ba47ba000 JavaThread "Execution worker for ':' Thread 2" [_thread_blocked, id=27948, stack(0x0000002802b00000,0x0000002802c00000)]
  0x0000021ba4863800 JavaThread "Execution worker for ':' Thread 3" [_thread_blocked, id=24424, stack(0x0000002802c00000,0x0000002802d00000)]
  0x0000021ba4867800 JavaThread "Execution worker for ':' Thread 4" [_thread_blocked, id=26324, stack(0x0000002802d00000,0x0000002802e00000)]
  0x0000021ba4868800 JavaThread "Execution worker for ':' Thread 5" [_thread_blocked, id=23120, stack(0x0000002802e00000,0x0000002802f00000)]
  0x0000021ba4866800 JavaThread "Execution worker for ':' Thread 6" [_thread_blocked, id=29692, stack(0x0000002802f00000,0x0000002803000000)]
  0x0000021ba4865000 JavaThread "Execution worker for ':' Thread 7" [_thread_blocked, id=8116, stack(0x0000002803000000,0x0000002803100000)]
  0x0000021ba4862800 JavaThread "Cache worker for execution history cache (D:\Radovi\MTS\TourMe\.gradle\7.0.2\executionHistory)" [_thread_blocked, id=26764, stack(0x0000002803100000,0x0000002803200000)]
  0x0000021ba486a000 JavaThread "WorkerExecutor Queue" [_thread_blocked, id=11964, stack(0x0000002803300000,0x0000002803400000)]
  0x0000021ba486a800 JavaThread "WorkerExecutor Queue Thread 2" [_thread_blocked, id=26812, stack(0x0000002803400000,0x0000002803500000)]
  0x0000021ba486b800 JavaThread "WorkerExecutor Queue Thread 3" [_thread_blocked, id=29456, stack(0x0000002803500000,0x0000002803600000)]
  0x0000021ba4866000 JavaThread "WorkerExecutor Queue Thread 4" [_thread_blocked, id=23676, stack(0x0000002803600000,0x0000002803700000)]
  0x0000021ba486e000 JavaThread "WorkerExecutor Queue Thread 5" [_thread_blocked, id=28828, stack(0x0000002803700000,0x0000002803800000)]
  0x0000021ba486f000 JavaThread "WorkerExecutor Queue Thread 6" [_thread_blocked, id=8984, stack(0x0000002803800000,0x0000002803900000)]
  0x0000021ba4870800 JavaThread "WorkerExecutor Queue Thread 7" [_thread_blocked, id=28708, stack(0x0000002803900000,0x0000002803a00000)]
  0x0000021ba486f800 JavaThread "WorkerExecutor Queue Thread 8" [_thread_blocked, id=13952, stack(0x0000002803a00000,0x0000002803b00000)]
  0x0000021ba8e17800 JavaThread "C2 CompilerThread1" daemon [_thread_blocked, id=25176, stack(0x0000002802800000,0x0000002802900000)]

Other Threads:
=>0x0000021b9ea74000 VMThread "VM Thread" [stack: 0x000000287ed00000,0x000000287ee00000] [id=24784]
  0x0000021b9f557800 WatcherThread [stack: 0x000000287f700000,0x000000287f800000] [id=12928]
  0x0000021b84616000 GCTaskThread "GC Thread#0" [stack: 0x000000287e800000,0x000000287e900000] [id=26628]
  0x0000021ba01a4800 GCTaskThread "GC Thread#1" [stack: 0x000000287fa00000,0x000000287fb00000] [id=29536]
  0x0000021ba0075800 GCTaskThread "GC Thread#2" [stack: 0x000000287fb00000,0x000000287fc00000] [id=27640]
  0x0000021ba149c000 GCTaskThread "GC Thread#3" [stack: 0x0000002800400000,0x0000002800500000] [id=26372]
  0x0000021ba272a000 GCTaskThread "GC Thread#4" [stack: 0x0000002800500000,0x0000002800600000] [id=21876]
  0x0000021ba0a15800 GCTaskThread "GC Thread#5" [stack: 0x0000002800600000,0x0000002800700000] [id=9004]
  0x0000021ba1ab2800 GCTaskThread "GC Thread#6" [stack: 0x0000002800700000,0x0000002800800000] [id=21532]
  0x0000021ba272c000 GCTaskThread "GC Thread#7" [stack: 0x0000002800800000,0x0000002800900000] [id=27912]
  0x0000021b84649800 ConcurrentGCThread "G1 Main Marker" [stack: 0x000000287e900000,0x000000287ea00000] [id=28840]
  0x0000021b8464b800 ConcurrentGCThread "G1 Conc#0" [stack: 0x000000287ea00000,0x000000287eb00000] [id=28112]
  0x0000021ba1ed4800 ConcurrentGCThread "G1 Conc#1" [stack: 0x0000002800b00000,0x0000002800c00000] [id=3004]
  0x0000021b9e8c0800 ConcurrentGCThread "G1 Refine#0" [stack: 0x000000287eb00000,0x000000287ec00000] [id=26456]
  0x0000021ba9302800 ConcurrentGCThread "G1 Refine#1" [stack: 0x0000002803200000,0x0000002803300000] [id=26500]
  0x0000021b9e8c1800 ConcurrentGCThread "G1 Young RemSet Sampling" [stack: 0x000000287ec00000,0x000000287ed00000] [id=28768]

Threads with active compile tasks:
C2 CompilerThread0  31425 13442       4       org.gradle.internal.snapshot.VfsRelativePath::compareToFirstSegment (203 bytes)
C2 CompilerThread1  31425 13441   !   4       java.util.concurrent.ConcurrentHashMap::putVal (432 bytes)

VM state:at safepoint (normal execution)

VM Mutex/Monitor currently owned by a thread:  ([mutex/lock_event])
[0x0000021b845f8b60] Threads_lock - owner thread: 0x0000021b9ea74000
[0x0000021b845f96a0] Heap_lock - owner thread: 0x0000021ba250d000

Heap address: 0x0000000080000000, size: 2048 MB, Compressed Oops mode: 32-bit
Narrow klass base: 0x0000000000000000, Narrow klass shift: 3
Compressed class space size: 1073741824 Address: 0x0000000100000000

Heap:
 garbage-first heap   total 187392K, used 88629K [0x0000000080000000, 0x0000000100000000)
  region size 1024K, 4 young (4096K), 4 survivors (4096K)
 Metaspace       used 96402K, capacity 98532K, committed 98944K, reserved 1134592K
  class space    used 12029K, capacity 12800K, committed 12928K, reserved 1048576K
Heap Regions: E=young(eden), S=young(survivor), O=old, HS=humongous(starts), HC=humongous(continues), CS=collection set, F=free, A=archive, TAMS=top-at-mark-start (previous, next)
|   0|0x0000000080000000, 0x0000000080100000, 0x0000000080100000|100%| O|  |TAMS 0x0000000080100000, 0x0000000080000000| Untracked 
|   1|0x0000000080100000, 0x0000000080200000, 0x0000000080200000|100%| O|  |TAMS 0x0000000080200000, 0x0000000080100000| Untracked 
|   2|0x0000000080200000, 0x0000000080300000, 0x0000000080300000|100%| O|  |TAMS 0x0000000080300000, 0x0000000080200000| Untracked 
|   3|0x0000000080300000, 0x0000000080400000, 0x0000000080400000|100%|HS|  |TAMS 0x0000000080400000, 0x0000000080300000| Complete 
|   4|0x0000000080400000, 0x0000000080500000, 0x0000000080500000|100%|HC|  |TAMS 0x0000000080500000, 0x0000000080400000| Complete 
|   5|0x0000000080500000, 0x0000000080600000, 0x0000000080600000|100%|HC|  |TAMS 0x0000000080600000, 0x0000000080500000| Complete 
|   6|0x0000000080600000, 0x0000000080700000, 0x0000000080700000|100%| O|  |TAMS 0x0000000080700000, 0x0000000080600000| Untracked 
|   7|0x0000000080700000, 0x0000000080800000, 0x0000000080800000|100%| O|  |TAMS 0x0000000080800000, 0x0000000080700000| Untracked 
|   8|0x0000000080800000, 0x0000000080900000, 0x0000000080900000|100%| O|  |TAMS 0x0000000080900000, 0x0000000080800000| Complete 
|   9|0x0000000080900000, 0x0000000080a00000, 0x0000000080a00000|100%| O|  |TAMS 0x0000000080a00000, 0x0000000080900000| Untracked 
|  10|0x0000000080a00000, 0x0000000080b00000, 0x0000000080b00000|100%| O|  |TAMS 0x0000000080b00000, 0x0000000080a00000| Complete 
|  11|0x0000000080b00000, 0x0000000080c00000, 0x0000000080c00000|100%| O|  |TAMS 0x0000000080c00000, 0x0000000080b00000| Untracked 
|  12|0x0000000080c00000, 0x0000000080d00000, 0x0000000080d00000|100%| O|  |TAMS 0x0000000080d00000, 0x0000000080c00000| Untracked 
|  13|0x0000000080d00000, 0x0000000080e00000, 0x0000000080e00000|100%| O|  |TAMS 0x0000000080e00000, 0x0000000080d00000| Complete 
|  14|0x0000000080e00000, 0x0000000080f00000, 0x0000000080f00000|100%| O|  |TAMS 0x0000000080f00000, 0x0000000080e00000| Untracked 
|  15|0x0000000080f00000, 0x0000000081000000, 0x0000000081000000|100%| O|  |TAMS 0x0000000081000000, 0x0000000080f00000| Untracked 
|  16|0x0000000081000000, 0x0000000081100000, 0x0000000081100000|100%| O|  |TAMS 0x0000000081100000, 0x0000000081000000| Untracked 
|  17|0x0000000081100000, 0x0000000081200000, 0x0000000081200000|100%| O|  |TAMS 0x0000000081200000, 0x0000000081100000| Complete 
|  18|0x0000000081200000, 0x0000000081300000, 0x0000000081300000|100%| O|  |TAMS 0x0000000081300000, 0x0000000081200000| Complete 
|  19|0x0000000081300000, 0x0000000081400000, 0x0000000081400000|100%|HS|  |TAMS 0x0000000081400000, 0x0000000081300000| Complete 
|  20|0x0000000081400000, 0x0000000081500000, 0x0000000081500000|100%| O|  |TAMS 0x0000000081500000, 0x0000000081400000| Untracked 
|  21|0x0000000081500000, 0x0000000081600000, 0x0000000081600000|100%| O|  |TAMS 0x0000000081600000, 0x0000000081500000| Untracked 
|  22|0x0000000081600000, 0x0000000081700000, 0x0000000081700000|100%| O|  |TAMS 0x0000000081700000, 0x0000000081600000| Untracked 
|  23|0x0000000081700000, 0x0000000081800000, 0x0000000081800000|100%| O|  |TAMS 0x0000000081800000, 0x0000000081700000| Untracked 
|  24|0x0000000081800000, 0x0000000081900000, 0x0000000081900000|100%|HS|  |TAMS 0x0000000081900000, 0x0000000081800000| Complete 
|  25|0x0000000081900000, 0x0000000081a00000, 0x0000000081a00000|100%|HS|  |TAMS 0x0000000081a00000, 0x0000000081900000| Complete 
|  26|0x0000000081a00000, 0x0000000081b00000, 0x0000000081b00000|100%|HC|  |TAMS 0x0000000081b00000, 0x0000000081a00000| Complete 
|  27|0x0000000081b00000, 0x0000000081c00000, 0x0000000081c00000|100%| O|  |TAMS 0x0000000081c00000, 0x0000000081b00000| Untracked 
|  28|0x0000000081c00000, 0x0000000081d00000, 0x0000000081d00000|100%| O|  |TAMS 0x0000000081d00000, 0x0000000081c00000| Untracked 
|  29|0x0000000081d00000, 0x0000000081e00000, 0x0000000081e00000|100%| O|  |TAMS 0x0000000081e00000, 0x0000000081d00000| Untracked 
|  30|0x0000000081e00000, 0x0000000081f00000, 0x0000000081f00000|100%| O|  |TAMS 0x0000000081f00000, 0x0000000081e00000| Untracked 
|  31|0x0000000081f00000, 0x0000000082000000, 0x0000000082000000|100%| O|  |TAMS 0x0000000082000000, 0x0000000081f00000| Untracked 
|  32|0x0000000082000000, 0x0000000082100000, 0x0000000082100000|100%| O|  |TAMS 0x0000000082100000, 0x0000000082000000| Untracked 
|  33|0x0000000082100000, 0x0000000082200000, 0x0000000082200000|100%| O|  |TAMS 0x0000000082200000, 0x0000000082100000| Untracked 
|  34|0x0000000082200000, 0x0000000082300000, 0x0000000082300000|100%| O|  |TAMS 0x0000000082300000, 0x0000000082200000| Untracked 
|  35|0x0000000082300000, 0x0000000082400000, 0x0000000082400000|100%| O|  |TAMS 0x0000000082400000, 0x0000000082300000| Untracked 
|  36|0x0000000082400000, 0x0000000082500000, 0x0000000082500000|100%| O|  |TAMS 0x0000000082500000, 0x0000000082400000| Untracked 
|  37|0x0000000082500000, 0x0000000082600000, 0x0000000082600000|100%| O|  |TAMS 0x0000000082600000, 0x0000000082500000| Untracked 
|  38|0x0000000082600000, 0x0000000082700000, 0x0000000082700000|100%| O|  |TAMS 0x0000000082700000, 0x0000000082600000| Untracked 
|  39|0x0000000082700000, 0x0000000082800000, 0x0000000082800000|100%| O|  |TAMS 0x0000000082800000, 0x0000000082700000| Complete 
|  40|0x0000000082800000, 0x0000000082900000, 0x0000000082900000|100%| O|  |TAMS 0x0000000082900000, 0x0000000082800000| Complete 
|  41|0x0000000082900000, 0x0000000082a00000, 0x0000000082a00000|100%| O|  |TAMS 0x0000000082a00000, 0x0000000082900000| Untracked 
|  42|0x0000000082a00000, 0x0000000082b00000, 0x0000000082b00000|100%| O|  |TAMS 0x0000000082b00000, 0x0000000082a00000| Untracked 
|  43|0x0000000082b00000, 0x0000000082c00000, 0x0000000082c00000|100%| O|  |TAMS 0x0000000082c00000, 0x0000000082b00000| Untracked 
|  44|0x0000000082c00000, 0x0000000082d00000, 0x0000000082d00000|100%| O|  |TAMS 0x0000000082d00000, 0x0000000082c00000| Untracked 
|  45|0x0000000082d00000, 0x0000000082e00000, 0x0000000082e00000|100%| O|  |TAMS 0x0000000082e00000, 0x0000000082d00000| Untracked 
|  46|0x0000000082e00000, 0x0000000082f00000, 0x0000000082f00000|100%| O|  |TAMS 0x0000000082f00000, 0x0000000082e00000| Untracked 
|  47|0x0000000082f00000, 0x0000000083000000, 0x0000000083000000|100%| O|  |TAMS 0x0000000083000000, 0x0000000082f00000| Untracked 
|  48|0x0000000083000000, 0x0000000083100000, 0x0000000083100000|100%| O|  |TAMS 0x0000000083100000, 0x0000000083000000| Untracked 
|  49|0x0000000083100000, 0x0000000083200000, 0x0000000083200000|100%| O|  |TAMS 0x0000000083200000, 0x0000000083100000| Untracked 
|  50|0x0000000083200000, 0x0000000083300000, 0x0000000083300000|100%| O|  |TAMS 0x0000000083300000, 0x0000000083200000| Untracked 
|  51|0x0000000083300000, 0x0000000083400000, 0x0000000083400000|100%| O|  |TAMS 0x0000000083400000, 0x0000000083300000| Untracked 
|  52|0x0000000083400000, 0x0000000083500000, 0x0000000083500000|100%| O|  |TAMS 0x0000000083500000, 0x0000000083400000| Complete 
|  53|0x0000000083500000, 0x0000000083600000, 0x0000000083600000|100%| O|  |TAMS 0x0000000083600000, 0x0000000083500000| Untracked 
|  54|0x0000000083600000, 0x0000000083700000, 0x0000000083700000|100%| O|  |TAMS 0x0000000083700000, 0x0000000083600000| Untracked 
|  55|0x0000000083700000, 0x0000000083800000, 0x0000000083800000|100%| O|  |TAMS 0x0000000083800000, 0x0000000083700000| Untracked 
|  56|0x0000000083800000, 0x0000000083900000, 0x0000000083900000|100%| O|  |TAMS 0x0000000083900000, 0x0000000083800000| Untracked 
|  57|0x0000000083900000, 0x0000000083a00000, 0x0000000083a00000|100%| O|  |TAMS 0x0000000083a00000, 0x0000000083900000| Untracked 
|  58|0x0000000083a00000, 0x0000000083b00000, 0x0000000083b00000|100%| O|  |TAMS 0x0000000083b00000, 0x0000000083a00000| Untracked 
|  59|0x0000000083b00000, 0x0000000083c00000, 0x0000000083c00000|100%| O|  |TAMS 0x0000000083c00000, 0x0000000083b00000| Untracked 
|  60|0x0000000083c00000, 0x0000000083d00000, 0x0000000083d00000|100%| O|  |TAMS 0x0000000083d00000, 0x0000000083c00000| Complete 
|  61|0x0000000083d00000, 0x0000000083e00000, 0x0000000083e00000|100%| O|  |TAMS 0x0000000083e00000, 0x0000000083d00000| Untracked 
|  62|0x0000000083e00000, 0x0000000083f00000, 0x0000000083f00000|100%| O|  |TAMS 0x0000000083f00000, 0x0000000083e00000| Untracked 
|  63|0x0000000083f00000, 0x0000000084000000, 0x0000000084000000|100%| O|  |TAMS 0x0000000084000000, 0x0000000083f00000| Complete 
|  64|0x0000000084000000, 0x0000000084100000, 0x0000000084100000|100%| O|  |TAMS 0x0000000084100000, 0x0000000084000000| Complete 
|  65|0x0000000084100000, 0x0000000084200000, 0x0000000084200000|100%| O|  |TAMS 0x0000000084200000, 0x0000000084100000| Untracked 
|  66|0x0000000084200000, 0x0000000084300000, 0x0000000084300000|100%| O|  |TAMS 0x0000000084300000, 0x0000000084200000| Untracked 
|  67|0x0000000084300000, 0x0000000084400000, 0x0000000084400000|100%| O|  |TAMS 0x0000000084400000, 0x0000000084300000| Untracked 
|  68|0x0000000084400000, 0x0000000084500000, 0x0000000084500000|100%| O|  |TAMS 0x0000000084500000, 0x0000000084400000| Untracked 
|  69|0x0000000084500000, 0x0000000084600000, 0x0000000084600000|100%| O|  |TAMS 0x0000000084600000, 0x0000000084500000| Complete 
|  70|0x0000000084600000, 0x0000000084700000, 0x0000000084700000|100%| O|  |TAMS 0x0000000084700000, 0x0000000084600000| Complete 
|  71|0x0000000084700000, 0x0000000084700000, 0x0000000084800000|  0%| F|  |TAMS 0x0000000084700000, 0x0000000084700000| Untracked 
|  72|0x0000000084800000, 0x0000000084800000, 0x0000000084900000|  0%| F|  |TAMS 0x0000000084800000, 0x0000000084800000| Untracked 
|  73|0x0000000084900000, 0x0000000084900000, 0x0000000084a00000|  0%| F|  |TAMS 0x0000000084900000, 0x0000000084900000| Untracked 
|  74|0x0000000084a00000, 0x0000000084b00000, 0x0000000084b00000|100%| O|  |TAMS 0x0000000084b00000, 0x0000000084a00000| Complete 
|  75|0x0000000084b00000, 0x0000000084c00000, 0x0000000084c00000|100%| O|  |TAMS 0x0000000084c00000, 0x0000000084b00000| Complete 
|  76|0x0000000084c00000, 0x0000000084d00000, 0x0000000084d00000|100%| O|  |TAMS 0x0000000084d00000, 0x0000000084c00000| Complete 
|  77|0x0000000084d00000, 0x0000000084e00000, 0x0000000084e00000|100%| O|  |TAMS 0x0000000084e00000, 0x0000000084d00000| Complete 
|  78|0x0000000084e00000, 0x0000000084f00000, 0x0000000084f00000|100%| O|  |TAMS 0x0000000084f00000, 0x0000000084e00000| Complete 
|  79|0x0000000084f00000, 0x0000000085000000, 0x0000000085000000|100%| O|  |TAMS 0x0000000085000000, 0x0000000084f00000| Complete 
|  80|0x0000000085000000, 0x00000000850b9a00, 0x0000000085100000| 72%| O|  |TAMS 0x00000000850b9a00, 0x0000000085000000| Untracked 
|  81|0x0000000085100000, 0x0000000085100000, 0x0000000085200000|  0%| F|  |TAMS 0x0000000085100000, 0x0000000085100000| Untracked 
|  82|0x0000000085200000, 0x0000000085200000, 0x0000000085300000|  0%| F|  |TAMS 0x0000000085200000, 0x0000000085200000| Untracked 
|  83|0x0000000085300000, 0x0000000085300000, 0x0000000085400000|  0%| F|  |TAMS 0x0000000085300000, 0x0000000085300000| Untracked 
|  84|0x0000000085400000, 0x0000000085400000, 0x0000000085500000|  0%| F|  |TAMS 0x0000000085400000, 0x0000000085400000| Untracked 
|  85|0x0000000085500000, 0x0000000085500000, 0x0000000085600000|  0%| F|  |TAMS 0x0000000085500000, 0x0000000085500000| Untracked 
|  86|0x0000000085600000, 0x0000000085600000, 0x0000000085700000|  0%| F|  |TAMS 0x0000000085600000, 0x0000000085600000| Untracked 
|  87|0x0000000085700000, 0x0000000085700000, 0x0000000085800000|  0%| F|  |TAMS 0x0000000085700000, 0x0000000085700000| Untracked 
|  88|0x0000000085800000, 0x0000000085800000, 0x0000000085900000|  0%| F|  |TAMS 0x0000000085800000, 0x0000000085800000| Untracked 
|  89|0x0000000085900000, 0x0000000085900000, 0x0000000085a00000|  0%| F|  |TAMS 0x0000000085900000, 0x0000000085900000| Untracked 
|  90|0x0000000085a00000, 0x0000000085b00000, 0x0000000085b00000|100%| O|  |TAMS 0x0000000085b00000, 0x0000000085a00000| Complete 
|  91|0x0000000085b00000, 0x0000000085c00000, 0x0000000085c00000|100%| O|  |TAMS 0x0000000085c00000, 0x0000000085b00000| Complete 
|  92|0x0000000085c00000, 0x0000000085c00000, 0x0000000085d00000|  0%| F|  |TAMS 0x0000000085c00000, 0x0000000085c00000| Untracked 
|  93|0x0000000085d00000, 0x0000000085d00000, 0x0000000085e00000|  0%| F|  |TAMS 0x0000000085d00000, 0x0000000085d00000| Untracked 
|  94|0x0000000085e00000, 0x0000000085f00000, 0x0000000085f00000|100%| O|  |TAMS 0x0000000085f00000, 0x0000000085e00000| Complete 
|  95|0x0000000085f00000, 0x0000000086000000, 0x0000000086000000|100%| O|  |TAMS 0x0000000086000000, 0x0000000085f00000| Complete 
|  96|0x0000000086000000, 0x0000000086100000, 0x0000000086100000|100%| O|  |TAMS 0x0000000086100000, 0x0000000086000000| Complete 
|  97|0x0000000086100000, 0x0000000086100000, 0x0000000086200000|  0%| F|  |TAMS 0x0000000086100000, 0x0000000086100000| Untracked 
|  98|0x0000000086200000, 0x0000000086200000, 0x0000000086300000|  0%| F|  |TAMS 0x0000000086200000, 0x0000000086200000| Untracked 
|  99|0x0000000086300000, 0x0000000086300000, 0x0000000086400000|  0%| F|  |TAMS 0x0000000086300000, 0x0000000086300000| Untracked 
| 100|0x0000000086400000, 0x0000000086400000, 0x0000000086500000|  0%| F|  |TAMS 0x0000000086400000, 0x0000000086400000| Untracked 
| 101|0x0000000086500000, 0x0000000086500000, 0x0000000086600000|  0%| F|  |TAMS 0x0000000086500000, 0x0000000086500000| Untracked 
| 102|0x0000000086600000, 0x0000000086600000, 0x0000000086700000|  0%| F|  |TAMS 0x0000000086600000, 0x0000000086600000| Untracked 
| 103|0x0000000086700000, 0x0000000086700000, 0x0000000086800000|  0%| F|  |TAMS 0x0000000086700000, 0x0000000086700000| Untracked 
| 104|0x0000000086800000, 0x0000000086800000, 0x0000000086900000|  0%| F|  |TAMS 0x0000000086800000, 0x0000000086800000| Untracked 
| 105|0x0000000086900000, 0x0000000086900000, 0x0000000086a00000|  0%| F|  |TAMS 0x0000000086900000, 0x0000000086900000| Untracked 
| 106|0x0000000086a00000, 0x0000000086a00000, 0x0000000086b00000|  0%| F|  |TAMS 0x0000000086a00000, 0x0000000086a00000| Untracked 
| 107|0x0000000086b00000, 0x0000000086b00000, 0x0000000086c00000|  0%| F|  |TAMS 0x0000000086b00000, 0x0000000086b00000| Untracked 
| 108|0x0000000086c00000, 0x0000000086c00000, 0x0000000086d00000|  0%| F|  |TAMS 0x0000000086c00000, 0x0000000086c00000| Untracked 
| 109|0x0000000086d00000, 0x0000000086d00000, 0x0000000086e00000|  0%| F|  |TAMS 0x0000000086d00000, 0x0000000086d00000| Untracked 
| 110|0x0000000086e00000, 0x0000000086e00000, 0x0000000086f00000|  0%| F|  |TAMS 0x0000000086e00000, 0x0000000086e00000| Untracked 
| 111|0x0000000086f00000, 0x0000000086f00000, 0x0000000087000000|  0%| F|  |TAMS 0x0000000086f00000, 0x0000000086f00000| Untracked 
| 112|0x0000000087000000, 0x0000000087000000, 0x0000000087100000|  0%| F|  |TAMS 0x0000000087000000, 0x0000000087000000| Untracked 
| 113|0x0000000087100000, 0x00000000871d3cf8, 0x0000000087200000| 82%| S|CS|TAMS 0x0000000087100000, 0x0000000087100000| Complete 
| 114|0x0000000087200000, 0x0000000087300000, 0x0000000087300000|100%| S|CS|TAMS 0x0000000087200000, 0x0000000087200000| Complete 
| 115|0x0000000087300000, 0x0000000087400000, 0x0000000087400000|100%| S|CS|TAMS 0x0000000087300000, 0x0000000087300000| Complete 
| 116|0x0000000087400000, 0x0000000087500000, 0x0000000087500000|100%| S|CS|TAMS 0x0000000087400000, 0x0000000087400000| Complete 
| 117|0x0000000087500000, 0x0000000087500000, 0x0000000087600000|  0%| F|  |TAMS 0x0000000087500000, 0x0000000087500000| Untracked 
| 118|0x0000000087600000, 0x0000000087600000, 0x0000000087700000|  0%| F|  |TAMS 0x0000000087600000, 0x0000000087600000| Untracked 
| 119|0x0000000087700000, 0x0000000087700000, 0x0000000087800000|  0%| F|  |TAMS 0x0000000087700000, 0x0000000087700000| Untracked 
| 120|0x0000000087800000, 0x0000000087800000, 0x0000000087900000|  0%| F|  |TAMS 0x0000000087800000, 0x0000000087800000| Untracked 
| 121|0x0000000087900000, 0x0000000087900000, 0x0000000087a00000|  0%| F|  |TAMS 0x0000000087900000, 0x0000000087900000| Untracked 
| 122|0x0000000087a00000, 0x0000000087a00000, 0x0000000087b00000|  0%| F|  |TAMS 0x0000000087a00000, 0x0000000087a00000| Untracked 
| 123|0x0000000087b00000, 0x0000000087b00000, 0x0000000087c00000|  0%| F|  |TAMS 0x0000000087b00000, 0x0000000087b00000| Untracked 
| 124|0x0000000087c00000, 0x0000000087c00000, 0x0000000087d00000|  0%| F|  |TAMS 0x0000000087c00000, 0x0000000087c00000| Untracked 
| 125|0x0000000087d00000, 0x0000000087d00000, 0x0000000087e00000|  0%| F|  |TAMS 0x0000000087d00000, 0x0000000087d00000| Untracked 
| 126|0x0000000087e00000, 0x0000000087e00000, 0x0000000087f00000|  0%| F|  |TAMS 0x0000000087e00000, 0x0000000087e00000| Untracked 
| 127|0x0000000087f00000, 0x0000000087f00000, 0x0000000088000000|  0%| F|  |TAMS 0x0000000087f00000, 0x0000000087f00000| Untracked 
| 128|0x0000000088000000, 0x0000000088000000, 0x0000000088100000|  0%| F|  |TAMS 0x0000000088000000, 0x0000000088000000| Untracked 
| 129|0x0000000088100000, 0x0000000088100000, 0x0000000088200000|  0%| F|  |TAMS 0x0000000088100000, 0x0000000088100000| Untracked 
| 130|0x0000000088200000, 0x0000000088200000, 0x0000000088300000|  0%| F|  |TAMS 0x0000000088200000, 0x0000000088200000| Untracked 
| 131|0x0000000088300000, 0x0000000088300000, 0x0000000088400000|  0%| F|  |TAMS 0x0000000088300000, 0x0000000088300000| Untracked 
| 132|0x0000000088400000, 0x0000000088400000, 0x0000000088500000|  0%| F|  |TAMS 0x0000000088400000, 0x0000000088400000| Untracked 
| 133|0x0000000088500000, 0x0000000088500000, 0x0000000088600000|  0%| F|  |TAMS 0x0000000088500000, 0x0000000088500000| Untracked 
| 134|0x0000000088600000, 0x0000000088600000, 0x0000000088700000|  0%| F|  |TAMS 0x0000000088600000, 0x0000000088600000| Untracked 
| 135|0x0000000088700000, 0x0000000088700000, 0x0000000088800000|  0%| F|  |TAMS 0x0000000088700000, 0x0000000088700000| Untracked 
| 136|0x0000000088800000, 0x0000000088800000, 0x0000000088900000|  0%| F|  |TAMS 0x0000000088800000, 0x0000000088800000| Untracked 
| 137|0x0000000088900000, 0x0000000088900000, 0x0000000088a00000|  0%| F|  |TAMS 0x0000000088900000, 0x0000000088900000| Untracked 
| 138|0x0000000088a00000, 0x0000000088a00000, 0x0000000088b00000|  0%| F|  |TAMS 0x0000000088a00000, 0x0000000088a00000| Untracked 
| 139|0x0000000088b00000, 0x0000000088b00000, 0x0000000088c00000|  0%| F|  |TAMS 0x0000000088b00000, 0x0000000088b00000| Untracked 
| 140|0x0000000088c00000, 0x0000000088c00000, 0x0000000088d00000|  0%| F|  |TAMS 0x0000000088c00000, 0x0000000088c00000| Untracked 
| 141|0x0000000088d00000, 0x0000000088d00000, 0x0000000088e00000|  0%| F|  |TAMS 0x0000000088d00000, 0x0000000088d00000| Untracked 
| 142|0x0000000088e00000, 0x0000000088e00000, 0x0000000088f00000|  0%| F|  |TAMS 0x0000000088e00000, 0x0000000088e00000| Untracked 
| 143|0x0000000088f00000, 0x0000000088f00000, 0x0000000089000000|  0%| F|  |TAMS 0x0000000088f00000, 0x0000000088f00000| Untracked 
| 144|0x0000000089000000, 0x0000000089000000, 0x0000000089100000|  0%| F|  |TAMS 0x0000000089000000, 0x0000000089000000| Untracked 
| 145|0x0000000089100000, 0x0000000089100000, 0x0000000089200000|  0%| F|  |TAMS 0x0000000089100000, 0x0000000089100000| Untracked 
| 146|0x0000000089200000, 0x0000000089200000, 0x0000000089300000|  0%| F|  |TAMS 0x0000000089200000, 0x0000000089200000| Untracked 
| 147|0x0000000089300000, 0x0000000089300000, 0x0000000089400000|  0%| F|  |TAMS 0x0000000089300000, 0x0000000089300000| Untracked 
| 148|0x0000000089400000, 0x0000000089400000, 0x0000000089500000|  0%| F|  |TAMS 0x0000000089400000, 0x0000000089400000| Untracked 
| 149|0x0000000089500000, 0x0000000089500000, 0x0000000089600000|  0%| F|  |TAMS 0x0000000089500000, 0x0000000089500000| Untracked 
| 150|0x0000000089600000, 0x0000000089600000, 0x0000000089700000|  0%| F|  |TAMS 0x0000000089600000, 0x0000000089600000| Untracked 
| 151|0x0000000089700000, 0x0000000089700000, 0x0000000089800000|  0%| F|  |TAMS 0x0000000089700000, 0x0000000089700000| Untracked 

Card table byte_map: [0x0000021b97820000,0x0000021b97c20000] _byte_map_base: 0x0000021b97420000

Marking Bits (Prev, Next): (CMBitMap*) 0x0000021b846407c0, (CMBitMap*) 0x0000021b84640788
 Prev Bits: [0x0000021b9a020000, 0x0000021b9c020000)
 Next Bits: [0x0000021b98020000, 0x0000021b9a020000)

Polling page: 0x0000021b825f0000

Metaspace:

Usage:
  Non-class:     83.72 MB capacity,    82.40 MB ( 98%) used,     1.08 MB (  1%) free+waste,   254.00 KB ( <1%) overhead. 
      Class:     12.50 MB capacity,    11.75 MB ( 94%) used,   658.84 KB (  5%) free+waste,   111.38 KB ( <1%) overhead. 
       Both:     96.22 MB capacity,    94.14 MB ( 98%) used,     1.72 MB (  2%) free+waste,   365.38 KB ( <1%) overhead. 

Virtual space:
  Non-class space:       84.00 MB reserved,      84.00 MB (100%) committed 
      Class space:        1.00 GB reserved,      12.63 MB (  1%) committed 
             Both:        1.08 GB reserved,      96.63 MB (  9%) committed 

Chunk freelists:
   Non-Class:  156.00 KB
       Class:  128.00 KB
        Both:  284.00 KB

MaxMetaspaceSize: 17179869184.00 GB
CompressedClassSpaceSize: 1.00 GB

CodeHeap 'non-profiled nmethods': size=120000Kb used=7142Kb max_used=7142Kb free=112857Kb
 bounds [0x0000021b8fbc0000, 0x0000021b902c0000, 0x0000021b970f0000]
CodeHeap 'profiled nmethods': size=120000Kb used=28767Kb max_used=28767Kb free=91232Kb
 bounds [0x0000021b88690000, 0x0000021b8a2b0000, 0x0000021b8fbc0000]
CodeHeap 'non-nmethods': size=5760Kb used=2299Kb max_used=2347Kb free=3460Kb
 bounds [0x0000021b880f0000, 0x0000021b88360000, 0x0000021b88690000]
 total_blobs=14026 nmethods=13117 adapters=820
 compilation: enabled
              stopped_count=0, restarted_count=0
 full_count=0

Compilation events (20 events):
Event: 31.315 Thread 0x0000021ba8e17800 nmethod 13359 0x0000021b902acd90 code [0x0000021b902acf60, 0x0000021b902ad398]
Event: 31.315 Thread 0x0000021ba8e17800 13360       4       java.util.stream.ReduceOps$3::getOpFlags (28 bytes)
Event: 31.317 Thread 0x0000021ba8e17800 nmethod 13360 0x0000021b902ad810 code [0x0000021b902ad9c0, 0x0000021b902adab8]
Event: 31.317 Thread 0x0000021ba8e17800 13361       4       java.util.stream.ReduceOps::makeRef (42 bytes)
Event: 31.321 Thread 0x0000021ba8e17800 nmethod 13361 0x0000021b902adc10 code [0x0000021b902addc0, 0x0000021b902adf58]
Event: 31.321 Thread 0x0000021ba8e17800 13363       4       java.util.stream.ReduceOps$3::makeSink (5 bytes)
Event: 31.323 Thread 0x0000021ba8e17800 nmethod 13363 0x0000021b902ae090 code [0x0000021b902ae220, 0x0000021b902ae318]
Event: 31.323 Thread 0x0000021ba8e17800 13439       4       java.util.Collections::indexedBinarySearch (85 bytes)
Event: 31.334 Thread 0x0000021ba8e17800 nmethod 13439 0x0000021b902ae410 code [0x0000021b902ae5e0, 0x0000021b902aeb38]
Event: 31.334 Thread 0x0000021ba8e17800 13441   !   4       java.util.concurrent.ConcurrentHashMap::putVal (432 bytes)
Event: 31.352 Thread 0x0000021b9ea93000 13443   !   3       sun.nio.ch.FileChannelImpl::size (239 bytes)
Event: 31.354 Thread 0x0000021b9ea93000 nmethod 13443 0x0000021b8a2a1890 code [0x0000021b8a2a1b80, 0x0000021b8a2a2bb8]
Event: 31.365 Thread 0x0000021b9ea93000 13445       3       sun.management.MemoryPoolImpl::getObjectName (10 bytes)
Event: 31.369 Thread 0x0000021b9ea93000 nmethod 13445 0x0000021b8a2a3390 code [0x0000021b8a2a38c0, 0x0000021b8a2a61c8]
Event: 31.369 Thread 0x0000021b9ea93000 13446       3       sun.management.spi.PlatformMBeanProvider$PlatformComponent$$Lambda$65/0x0000000100184840::test (9 bytes)
Event: 31.369 Thread 0x0000021b9ea93000 nmethod 13446 0x0000021b8a2a7310 code [0x0000021b8a2a74c0, 0x0000021b8a2a75f8]
Event: 31.369 Thread 0x0000021b9ea93000 13447       3       sun.management.spi.PlatformMBeanProvider$PlatformComponent$$Lambda$66/0x0000000100184c40::apply (9 bytes)
Event: 31.370 Thread 0x0000021b9ea93000 nmethod 13447 0x0000021b8a2a7690 code [0x0000021b8a2a7880, 0x0000021b8a2a7b98]
Event: 31.372 Thread 0x0000021b9ea91800 nmethod 13073 0x0000021b902aef90 code [0x0000021b902af740, 0x0000021b902b5ad0]
Event: 31.372 Thread 0x0000021b9ea91800 13442       4       org.gradle.internal.snapshot.VfsRelativePath::compareToFirstSegment (203 bytes)

GC Heap History (20 events):
Event: 26.820 GC heap after
{Heap after GC invocations=34 (full 0):
 garbage-first heap   total 155648K, used 95163K [0x0000000080000000, 0x0000000100000000)
  region size 1024K, 2 young (2048K), 2 survivors (2048K)
 Metaspace       used 85355K, capacity 87432K, committed 88192K, reserved 1126400K
  class space    used 10936K, capacity 11678K, committed 11904K, reserved 1048576K
}
Event: 27.053 GC heap before
{Heap before GC invocations=35 (full 0):
 garbage-first heap   total 155648K, used 106427K [0x0000000080000000, 0x0000000100000000)
  region size 1024K, 15 young (15360K), 2 survivors (2048K)
 Metaspace       used 85507K, capacity 87624K, committed 88192K, reserved 1126400K
  class space    used 10941K, capacity 11678K, committed 11904K, reserved 1048576K
}
Event: 27.062 GC heap after
{Heap after GC invocations=36 (full 0):
 garbage-first heap   total 155648K, used 100592K [0x0000000080000000, 0x0000000100000000)
  region size 1024K, 4 young (4096K), 4 survivors (4096K)
 Metaspace       used 85507K, capacity 87624K, committed 88192K, reserved 1126400K
  class space    used 10941K, capacity 11678K, committed 11904K, reserved 1048576K
}
Event: 27.592 GC heap before
{Heap before GC invocations=37 (full 0):
 garbage-first heap   total 155648K, used 138479K [0x0000000080000000, 0x0000000100000000)
  region size 1024K, 25 young (25600K), 4 survivors (4096K)
 Metaspace       used 88109K, capacity 90209K, committed 90752K, reserved 1128448K
  class space    used 11161K, capacity 11962K, committed 12160K, reserved 1048576K
}
Event: 27.604 GC heap after
{Heap after GC invocations=38 (full 0):
 garbage-first heap   total 155648K, used 102045K [0x0000000080000000, 0x0000000100000000)
  region size 1024K, 2 young (2048K), 2 survivors (2048K)
 Metaspace       used 88109K, capacity 90209K, committed 90752K, reserved 1128448K
  class space    used 11161K, capacity 11962K, committed 12160K, reserved 1048576K
}
Event: 27.996 GC heap before
{Heap before GC invocations=38 (full 0):
 garbage-first heap   total 155648K, used 122525K [0x0000000080000000, 0x0000000100000000)
  region size 1024K, 23 young (23552K), 2 survivors (2048K)
 Metaspace       used 88326K, capacity 90412K, committed 91008K, reserved 1128448K
  class space    used 11175K, capacity 11964K, committed 12160K, reserved 1048576K
}
Event: 28.018 GC heap after
{Heap after GC invocations=39 (full 0):
 garbage-first heap   total 155648K, used 104229K [0x0000000080000000, 0x0000000100000000)
  region size 1024K, 3 young (3072K), 3 survivors (3072K)
 Metaspace       used 88326K, capacity 90412K, committed 91008K, reserved 1128448K
  class space    used 11175K, capacity 11964K, committed 12160K, reserved 1048576K
}
Event: 28.447 GC heap before
{Heap before GC invocations=40 (full 0):
 garbage-first heap   total 155648K, used 110373K [0x0000000080000000, 0x0000000100000000)
  region size 1024K, 24 young (24576K), 3 survivors (3072K)
 Metaspace       used 89922K, capacity 92092K, committed 92672K, reserved 1130496K
  class space    used 11296K, capacity 12092K, committed 12288K, reserved 1048576K
}
Event: 28.453 GC heap after
{Heap after GC invocations=41 (full 0):
 garbage-first heap   total 155648K, used 92179K [0x0000000080000000, 0x0000000100000000)
  region size 1024K, 3 young (3072K), 3 survivors (3072K)
 Metaspace       used 89922K, capacity 92092K, committed 92672K, reserved 1130496K
  class space    used 11296K, capacity 12092K, committed 12288K, reserved 1048576K
}
Event: 28.509 GC heap before
{Heap before GC invocations=41 (full 0):
 garbage-first heap   total 155648K, used 96275K [0x0000000080000000, 0x0000000100000000)
  region size 1024K, 7 young (7168K), 3 survivors (3072K)
 Metaspace       used 90285K, capacity 92444K, committed 92928K, reserved 1130496K
  class space    used 11324K, capacity 12124K, committed 12288K, reserved 1048576K
}
Event: 28.514 GC heap after
{Heap after GC invocations=42 (full 0):
 garbage-first heap   total 155648K, used 85253K [0x0000000080000000, 0x0000000100000000)
  region size 1024K, 1 young (1024K), 1 survivors (1024K)
 Metaspace       used 90285K, capacity 92444K, committed 92928K, reserved 1130496K
  class space    used 11324K, capacity 12124K, committed 12288K, reserved 1048576K
}
Event: 29.361 GC heap before
{Heap before GC invocations=42 (full 0):
 garbage-first heap   total 155648K, used 115973K [0x0000000080000000, 0x0000000100000000)
  region size 1024K, 31 young (31744K), 1 survivors (1024K)
 Metaspace       used 91363K, capacity 93535K, committed 94080K, reserved 1130496K
  class space    used 11430K, capacity 12206K, committed 12416K, reserved 1048576K
}
Event: 29.369 GC heap after
{Heap after GC invocations=43 (full 0):
 garbage-first heap   total 155648K, used 89473K [0x0000000080000000, 0x0000000100000000)
  region size 1024K, 4 young (4096K), 4 survivors (4096K)
 Metaspace       used 91363K, capacity 93535K, committed 94080K, reserved 1130496K
  class space    used 11430K, capacity 12206K, committed 12416K, reserved 1048576K
}
Event: 30.105 GC heap before
{Heap before GC invocations=44 (full 0):
 garbage-first heap   total 155648K, used 118145K [0x0000000080000000, 0x0000000100000000)
  region size 1024K, 33 young (33792K), 4 survivors (4096K)
 Metaspace       used 92948K, capacity 95160K, committed 95488K, reserved 1132544K
  class space    used 11602K, capacity 12383K, committed 12544K, reserved 1048576K
}
Event: 30.112 GC heap after
{Heap after GC invocations=45 (full 0):
 garbage-first heap   total 155648K, used 89538K [0x0000000080000000, 0x0000000100000000)
  region size 1024K, 1 young (1024K), 1 survivors (1024K)
 Metaspace       used 92948K, capacity 95160K, committed 95488K, reserved 1132544K
  class space    used 11602K, capacity 12383K, committed 12544K, reserved 1048576K
}
Event: 30.209 GC heap before
{Heap before GC invocations=45 (full 0):
 garbage-first heap   total 155648K, used 95682K [0x0000000080000000, 0x0000000100000000)
  region size 1024K, 7 young (7168K), 1 survivors (1024K)
 Metaspace       used 93383K, capacity 95608K, committed 96128K, reserved 1132544K
  class space    used 11664K, capacity 12447K, committed 12672K, reserved 1048576K
}
Event: 30.213 GC heap after
{Heap after GC invocations=46 (full 0):
 garbage-first heap   total 155648K, used 85420K [0x0000000080000000, 0x0000000100000000)
  region size 1024K, 1 young (1024K), 1 survivors (1024K)
 Metaspace       used 93383K, capacity 95608K, committed 96128K, reserved 1132544K
  class space    used 11664K, capacity 12447K, committed 12672K, reserved 1048576K
}
Event: 30.568 GC heap before
{Heap before GC invocations=46 (full 0):
 garbage-first heap   total 155648K, used 118188K [0x0000000080000000, 0x0000000100000000)
  region size 1024K, 33 young (33792K), 1 survivors (1024K)
 Metaspace       used 95732K, capacity 97976K, committed 98432K, reserved 1134592K
  class space    used 11975K, capacity 12767K, committed 12928K, reserved 1048576K
}
Event: 30.572 GC heap after
{Heap after GC invocations=47 (full 0):
 garbage-first heap   total 155648K, used 85771K [0x0000000080000000, 0x0000000100000000)
  region size 1024K, 2 young (2048K), 2 survivors (2048K)
 Metaspace       used 95732K, capacity 97976K, committed 98432K, reserved 1134592K
  class space    used 11975K, capacity 12767K, committed 12928K, reserved 1048576K
}
Event: 31.389 GC heap before
{Heap before GC invocations=48 (full 0):
 garbage-first heap   total 155648K, used 118539K [0x0000000080000000, 0x0000000100000000)
  region size 1024K, 35 young (35840K), 2 survivors (2048K)
 Metaspace       used 96402K, capacity 98532K, committed 98944K, reserved 1134592K
  class space    used 12029K, capacity 12800K, committed 12928K, reserved 1048576K
}

Deoptimization events (20 events):
Event: 31.126 Thread 0x0000021ba47ba000 Uncommon trap: trap_request=0xffffffbe fr.pc=0x0000021b902a2318 relative=0x0000000000001818
Event: 31.126 Thread 0x0000021ba47ba000 Uncommon trap: reason=profile_predicate action=maybe_recompile pc=0x0000021b902a2318 method=org.apache.commons.io.FilenameUtils.failIfNullBytePresent(Ljava/lang/String;)V @ 9 c2
Event: 31.126 Thread 0x0000021ba47ba000 DEOPT PACKING pc=0x0000021b902a2318 sp=0x0000002802bfbaf0
Event: 31.126 Thread 0x0000021ba47ba000 DEOPT UNPACKING pc=0x0000021b881178af sp=0x0000002802bfba18 mode 2
Event: 31.126 Thread 0x0000021ba47ba000 Uncommon trap: trap_request=0xffffffbe fr.pc=0x0000021b902a2318 relative=0x0000000000001818
Event: 31.126 Thread 0x0000021ba47ba000 Uncommon trap: reason=profile_predicate action=maybe_recompile pc=0x0000021b902a2318 method=org.apache.commons.io.FilenameUtils.failIfNullBytePresent(Ljava/lang/String;)V @ 9 c2
Event: 31.126 Thread 0x0000021ba47ba000 DEOPT PACKING pc=0x0000021b902a2318 sp=0x0000002802bfbaf0
Event: 31.126 Thread 0x0000021ba47ba000 DEOPT UNPACKING pc=0x0000021b881178af sp=0x0000002802bfba18 mode 2
Event: 31.126 Thread 0x0000021ba47ba000 Uncommon trap: trap_request=0xffffffbe fr.pc=0x0000021b902a2318 relative=0x0000000000001818
Event: 31.126 Thread 0x0000021ba47ba000 Uncommon trap: reason=profile_predicate action=maybe_recompile pc=0x0000021b902a2318 method=org.apache.commons.io.FilenameUtils.failIfNullBytePresent(Ljava/lang/String;)V @ 9 c2
Event: 31.126 Thread 0x0000021ba47ba000 DEOPT PACKING pc=0x0000021b902a2318 sp=0x0000002802bfbf50
Event: 31.126 Thread 0x0000021ba47ba000 DEOPT UNPACKING pc=0x0000021b881178af sp=0x0000002802bfbe78 mode 2
Event: 31.126 Thread 0x0000021ba47ba000 Uncommon trap: trap_request=0xffffff4d fr.pc=0x0000021b902a49e8 relative=0x0000000000000bc8
Event: 31.126 Thread 0x0000021ba47ba000 Uncommon trap: reason=unstable_if action=reinterpret pc=0x0000021b902a49e8 method=org.gradle.internal.snapshot.PathUtil.compareDifferentCharsIgnoringCase(CC)I @ 12 c2
Event: 31.126 Thread 0x0000021ba47ba000 DEOPT PACKING pc=0x0000021b902a49e8 sp=0x0000002802bfbfe0
Event: 31.126 Thread 0x0000021ba47ba000 DEOPT UNPACKING pc=0x0000021b881178af sp=0x0000002802bfbe80 mode 2
Event: 31.136 Thread 0x0000021ba47ba000 Uncommon trap: trap_request=0xffffff4d fr.pc=0x0000021b901c43f0 relative=0x0000000000000390
Event: 31.136 Thread 0x0000021ba47ba000 Uncommon trap: reason=unstable_if action=reinterpret pc=0x0000021b901c43f0 method=org.gradle.internal.snapshot.PathUtil.compareDifferentCharsIgnoringCase(CC)I @ 12 c2
Event: 31.136 Thread 0x0000021ba47ba000 DEOPT PACKING pc=0x0000021b901c43f0 sp=0x0000002802bfa430
Event: 31.136 Thread 0x0000021ba47ba000 DEOPT UNPACKING pc=0x0000021b881178af sp=0x0000002802bfa350 mode 2

Classes redefined (0 events):
No events

Internal exceptions (20 events):
Event: 17.382 Thread 0x0000021ba47b4000 Exception <a 'java/lang/NoSuchMethodError'{0x000000008761f668}: 'java.lang.Object java.lang.invoke.DirectMethodHandle$Holder.invokeSpecialIFC(java.lang.Object, java.lang.Object, java.lang.Object)'> (0x000000008761f668) thrown at [./src/hotspot/share/interpreter/linkResolver.cpp, line 773]
Event: 17.382 Thread 0x0000021ba47ad800 Exception <a 'java/lang/NoSuchMethodError'{0x0000000087640268}: 'java.lang.Object java.lang.invoke.DirectMethodHandle$Holder.invokeSpecialIFC(java.lang.Object, java.lang.Object, java.lang.Object)'> (0x0000000087640268) thrown at [./src/hotspot/share/interpreter/linkResolver.cpp, line 773]
Event: 17.382 Thread 0x0000021ba47ad000 Exception <a 'java/lang/NoSuchMethodError'{0x000000008760acf0}: 'java.lang.Object java.lang.invoke.DirectMethodHandle$Holder.invokeSpecialIFC(java.lang.Object, java.lang.Object, java.lang.Object)'> (0x000000008760acf0) thrown at [./src/hotspot/share/interpreter/linkResolver.cpp, line 773]
Event: 17.382 Thread 0x0000021ba47ae800 Exception <a 'java/lang/NoSuchMethodError'{0x000000008764c330}: 'java.lang.Object java.lang.invoke.DirectMethodHandle$Holder.invokeSpecialIFC(java.lang.Object, java.lang.Object, java.lang.Object)'> (0x000000008764c330) thrown at [./src/hotspot/share/interpreter/linkResolver.cpp, line 773]
Event: 17.439 Thread 0x0000021ba47ad800 Exception <a 'java/lang/NoSuchMethodError'{0x00000000873f5390}: 'int java.lang.invoke.DirectMethodHandle$Holder.invokeStaticInit(java.lang.Object, java.lang.Object, java.lang.Object, java.lang.Object, java.lang.Object)'> (0x00000000873f5390) thrown at [./src/hotspot/share/interpreter/linkResolver.cpp, line 773]
Event: 17.884 Thread 0x0000021ba47b4000 Exception <a 'java/lang/NoSuchMethodError'{0x0000000085a1f6d0}: 'void java.lang.invoke.DirectMethodHandle$Holder.invokeVirtual(java.lang.Object, java.lang.Object)'> (0x0000000085a1f6d0) thrown at [./src/hotspot/share/interpreter/linkResolver.cpp, line 773]
Event: 17.884 Thread 0x0000021ba47af800 Exception <a 'java/lang/NoSuchMethodError'{0x0000000085fe9a90}: 'void java.lang.invoke.DirectMethodHandle$Holder.invokeVirtual(java.lang.Object, java.lang.Object)'> (0x0000000085fe9a90) thrown at [./src/hotspot/share/interpreter/linkResolver.cpp, line 773]
Event: 17.884 Thread 0x0000021ba47b2800 Exception <a 'java/lang/NoSuchMethodError'{0x000000008608b4f0}: 'void java.lang.invoke.DirectMethodHandle$Holder.invokeVirtual(java.lang.Object, java.lang.Object)'> (0x000000008608b4f0) thrown at [./src/hotspot/share/interpreter/linkResolver.cpp, line 773]
Event: 17.884 Thread 0x0000021ba47ad000 Exception <a 'java/lang/NoSuchMethodError'{0x0000000085a6ffb8}: 'void java.lang.invoke.DirectMethodHandle$Holder.invokeVirtual(java.lang.Object, java.lang.Object)'> (0x0000000085a6ffb8) thrown at [./src/hotspot/share/interpreter/linkResolver.cpp, line 773]
Event: 18.903 Thread 0x0000021ba4866800 Exception <a 'java/lang/IncompatibleClassChangeError'{0x0000000085bb1b00}: Found class java.lang.Object, but interface was expected> (0x0000000085bb1b00) thrown at [./src/hotspot/share/interpreter/linkResolver.cpp, line 839]
Event: 22.261 Thread 0x0000021ba4866800 Implicit null exception at 0x0000021b90006dc9 to 0x0000021b90008fd4
Event: 27.228 Thread 0x0000021ba4866800 Exception <a 'java/lang/NoSuchMethodError'{0x00000000894ccf98}: <clinit>> (0x00000000894ccf98) thrown at [./src/hotspot/share/prims/jni.cpp, line 1362]
Event: 27.240 Thread 0x0000021ba4866800 Exception <a 'java/lang/NoSuchMethodError'{0x00000000893502c8}: <clinit>> (0x00000000893502c8) thrown at [./src/hotspot/share/prims/jni.cpp, line 1362]
Event: 28.095 Thread 0x0000021ba486a000 Implicit null exception at 0x0000021b901c0a42 to 0x0000021b901c0f08
Event: 28.095 Thread 0x0000021ba486a000 Implicit null exception at 0x0000021b901c0a42 to 0x0000021b901c0f08
Event: 28.095 Thread 0x0000021ba486a000 Implicit null exception at 0x0000021b901c0a42 to 0x0000021b901c0f08
Event: 28.096 Thread 0x0000021ba486a000 Implicit null exception at 0x0000021b901c0a42 to 0x0000021b901c0f08
Event: 28.823 Thread 0x0000021ba4866800 Exception <a 'java/lang/NoSuchMethodError'{0x00000000886c9be0}: 'void java.lang.invoke.DirectMethodHandle$Holder.invokeStatic(java.lang.Object, java.lang.Object, java.lang.Object, java.lang.Object, java.lang.Object, java.lang.Object, java.lang.Object)'> (0x00000000886c9be0) thrown at [./src/hotspot/share/interpreter/linkResolver.cpp, line 773]
Event: 28.857 Thread 0x0000021ba4867800 Implicit null exception at 0x0000021b90205ede to 0x0000021b90206024
Event: 29.436 Thread 0x0000021ba4867800 Implicit null exception at 0x0000021b8fedb574 to 0x0000021b8fedbb90

Events (20 events):
Event: 30.908 loading class com/android/build/gradle/tasks/XmlDocumentUtilsKt done
Event: 30.934 loading class org/gradle/api/file/ReproducibleFileVisitor
Event: 30.934 loading class org/gradle/api/file/ReproducibleFileVisitor done
Event: 30.934 loading class org/gradle/api/internal/file/collections/DefaultDirectoryWalker$PathVisitor
Event: 30.934 loading class org/gradle/api/internal/file/collections/DefaultDirectoryWalker$PathVisitor done
Event: 30.936 loading class java/nio/file/FileTreeWalker$1
Event: 30.936 loading class java/nio/file/FileTreeWalker$1 done
Event: 30.937 loading class org/gradle/api/internal/file/DefaultFileVisitDetails
Event: 30.937 loading class org/gradle/api/internal/file/DefaultFileVisitDetails done
Event: 30.938 loading class org/gradle/api/internal/file/DefaultFileTreeElement
Event: 30.938 loading class org/gradle/api/internal/file/DefaultFileTreeElement done
Event: 30.939 loading class org/gradle/api/internal/file/AbstractFileTreeElement
Event: 30.939 loading class org/gradle/api/internal/file/AbstractFileTreeElement done
Event: 30.940 loading class org/gradle/api/internal/file/AbstractFileTreeElement$CopyFileElementException
Event: 30.940 loading class org/gradle/api/internal/file/AbstractFileTreeElement$CopyFileElementException done
Event: 31.153 loading class org/gradle/api/specs/OrSpec
Event: 31.153 loading class org/gradle/api/specs/OrSpec done
Event: 31.213 Executing VM operation: ICBufferFull
Event: 31.214 Executing VM operation: ICBufferFull done
Event: 31.389 Executing VM operation: G1CollectForAllocation


Dynamic libraries:
0x00007ff7cca70000 - 0x00007ff7cca7a000 	D:\Instalations\Android\jre\bin\java.exe
0x00007ff8e46b0000 - 0x00007ff8e48a5000 	C:\WINDOWS\SYSTEM32\ntdll.dll
0x00007ff8e26c0000 - 0x00007ff8e277e000 	C:\WINDOWS\System32\KERNEL32.DLL
0x00007ff8e1f40000 - 0x00007ff8e2208000 	C:\WINDOWS\System32\KERNELBASE.dll
0x00007ff8e2270000 - 0x00007ff8e2370000 	C:\WINDOWS\System32\ucrtbase.dll
0x00007ff8cf050000 - 0x00007ff8cf069000 	D:\Instalations\Android\jre\bin\jli.dll
0x00007ff8bee30000 - 0x00007ff8bee47000 	D:\Instalations\Android\jre\bin\VCRUNTIME140.dll
0x00007ff8e33d0000 - 0x00007ff8e3571000 	C:\WINDOWS\System32\USER32.dll
0x00007ff8e1e80000 - 0x00007ff8e1ea2000 	C:\WINDOWS\System32\win32u.dll
0x00007ff8cf980000 - 0x00007ff8cfc1a000 	C:\WINDOWS\WinSxS\amd64_microsoft.windows.common-controls_6595b64144ccf1df_6.0.19041.1110_none_60b5254171f9507e\COMCTL32.dll
0x00007ff8e3af0000 - 0x00007ff8e3b1b000 	C:\WINDOWS\System32\GDI32.dll
0x00007ff8e28d0000 - 0x00007ff8e296e000 	C:\WINDOWS\System32\msvcrt.dll
0x00007ff8e2420000 - 0x00007ff8e252d000 	C:\WINDOWS\System32\gdi32full.dll
0x00007ff8e1d90000 - 0x00007ff8e1e2d000 	C:\WINDOWS\System32\msvcp_win.dll
0x00007ff8e2780000 - 0x00007ff8e27b0000 	C:\WINDOWS\System32\IMM32.DLL
0x00007ff8bab40000 - 0x00007ff8babdd000 	D:\Instalations\Android\jre\bin\msvcp140.dll
0x00007ff88ee30000 - 0x00007ff88f8ff000 	D:\Instalations\Android\jre\bin\server\jvm.dll
0x00007ff8e2b50000 - 0x00007ff8e2bfc000 	C:\WINDOWS\System32\ADVAPI32.dll
0x00007ff8e2ab0000 - 0x00007ff8e2b4b000 	C:\WINDOWS\System32\sechost.dll
0x00007ff8e4510000 - 0x00007ff8e463a000 	C:\WINDOWS\System32\RPCRT4.dll
0x00007ff8e2c00000 - 0x00007ff8e2c08000 	C:\WINDOWS\System32\PSAPI.DLL
0x00007ff8d0070000 - 0x00007ff8d0079000 	C:\WINDOWS\SYSTEM32\WSOCK32.dll
0x00007ff8d8840000 - 0x00007ff8d884a000 	C:\WINDOWS\SYSTEM32\VERSION.dll
0x00007ff8c8700000 - 0x00007ff8c8727000 	C:\WINDOWS\SYSTEM32\WINMM.dll
0x00007ff8e2c10000 - 0x00007ff8e2c7b000 	C:\WINDOWS\System32\WS2_32.dll
0x00007ff8e0610000 - 0x00007ff8e0622000 	C:\WINDOWS\SYSTEM32\kernel.appcore.dll
0x00007ff8d1fb0000 - 0x00007ff8d1fc1000 	D:\Instalations\Android\jre\bin\verify.dll
0x00007ff8e0330000 - 0x00007ff8e0514000 	C:\WINDOWS\SYSTEM32\DBGHELP.DLL
0x00007ff8cf3b0000 - 0x00007ff8cf3dc000 	C:\WINDOWS\SYSTEM32\dbgcore.DLL
0x00007ff8e1eb0000 - 0x00007ff8e1f32000 	C:\WINDOWS\System32\bcryptPrimitives.dll
0x00007ff8c7ff0000 - 0x00007ff8c8019000 	D:\Instalations\Android\jre\bin\java.dll
0x00007ff8da3e0000 - 0x00007ff8da3eb000 	D:\Instalations\Android\jre\bin\jimage.dll
0x00007ff8cf030000 - 0x00007ff8cf048000 	D:\Instalations\Android\jre\bin\zip.dll
0x00007ff8e2c80000 - 0x00007ff8e33c4000 	C:\WINDOWS\System32\SHELL32.dll
0x00007ff8dfb90000 - 0x00007ff8e0324000 	C:\WINDOWS\SYSTEM32\windows.storage.dll
0x00007ff8e4010000 - 0x00007ff8e4365000 	C:\WINDOWS\System32\combase.dll
0x00007ff8e17e0000 - 0x00007ff8e180e000 	C:\WINDOWS\SYSTEM32\Wldp.dll
0x00007ff8e3d50000 - 0x00007ff8e3dfd000 	C:\WINDOWS\System32\SHCORE.dll
0x00007ff8e2980000 - 0x00007ff8e29d5000 	C:\WINDOWS\System32\shlwapi.dll
0x00007ff8e1cd0000 - 0x00007ff8e1cef000 	C:\WINDOWS\SYSTEM32\profapi.dll
0x00007ff8c0de0000 - 0x00007ff8c0dfa000 	D:\Instalations\Android\jre\bin\net.dll
0x00007ff8d48a0000 - 0x00007ff8d49ac000 	C:\WINDOWS\SYSTEM32\WINHTTP.dll
0x00007ff8e1540000 - 0x00007ff8e15aa000 	C:\WINDOWS\system32\mswsock.dll
0x00007ff8c0dc0000 - 0x00007ff8c0dd4000 	D:\Instalations\Android\jre\bin\nio.dll
0x00007ff8afd00000 - 0x00007ff8afd27000 	C:\Users\ptija\.gradle\native\8bec1ad78214c89d9ad589b4d07fe93259594b29d510b10fafb7a158f7737e5d\windows-amd64\native-platform.dll
0x00007ff896910000 - 0x00007ff896a4d000 	C:\Users\ptija\.gradle\native\53dbd7edfb1c66fb8903c78663c9afc45aea4f116125fa6feffd364cf09443e8\windows-amd64\native-platform-file-events.dll
0x00007ff8da390000 - 0x00007ff8da39a000 	D:\Instalations\Android\jre\bin\management.dll
0x00007ff8d7bd0000 - 0x00007ff8d7bdc000 	D:\Instalations\Android\jre\bin\management_ext.dll
0x00007ff8e1740000 - 0x00007ff8e1758000 	C:\WINDOWS\SYSTEM32\CRYPTSP.dll
0x00007ff8e0e40000 - 0x00007ff8e0e74000 	C:\WINDOWS\system32\rsaenh.dll
0x00007ff8e2530000 - 0x00007ff8e2557000 	C:\WINDOWS\System32\bcrypt.dll
0x00007ff8e1c90000 - 0x00007ff8e1cbe000 	C:\WINDOWS\SYSTEM32\USERENV.dll
0x00007ff8e1730000 - 0x00007ff8e173c000 	C:\WINDOWS\SYSTEM32\CRYPTBASE.dll
0x00007ff8e11e0000 - 0x00007ff8e121b000 	C:\WINDOWS\SYSTEM32\IPHLPAPI.DLL
0x00007ff8e2970000 - 0x00007ff8e2978000 	C:\WINDOWS\System32\NSI.dll
0x00007ff8d83f0000 - 0x00007ff8d8407000 	C:\WINDOWS\SYSTEM32\dhcpcsvc6.DLL
0x00007ff8d8430000 - 0x00007ff8d844d000 	C:\WINDOWS\SYSTEM32\dhcpcsvc.DLL
0x00007ff8e1220000 - 0x00007ff8e12eb000 	C:\WINDOWS\SYSTEM32\DNSAPI.dll

dbghelp: loaded successfully - version: 4.0.5 - missing functions: none
symbol engine: initialized successfully - sym options: 0x614 - pdb path: .;D:\Instalations\Android\jre\bin;C:\WINDOWS\SYSTEM32;C:\WINDOWS\WinSxS\amd64_microsoft.windows.common-controls_6595b64144ccf1df_6.0.19041.1110_none_60b5254171f9507e;D:\Instalations\Android\jre\bin\server;C:\Users\ptija\.gradle\native\8bec1ad78214c89d9ad589b4d07fe93259594b29d510b10fafb7a158f7737e5d\windows-amd64;C:\Users\ptija\.gradle\native\53dbd7edfb1c66fb8903c78663c9afc45aea4f116125fa6feffd364cf09443e8\windows-amd64

VM Arguments:
jvm_args: --add-opens=java.base/java.util=ALL-UNNAMED --add-opens=java.base/java.lang=ALL-UNNAMED --add-opens=java.base/java.lang.invoke=ALL-UNNAMED --add-opens=java.base/java.util=ALL-UNNAMED --add-opens=java.prefs/java.util.prefs=ALL-UNNAMED --add-opens=java.prefs/java.util.prefs=ALL-UNNAMED --add-opens=java.base/java.nio.charset=ALL-UNNAMED --add-opens=java.base/java.net=ALL-UNNAMED --add-opens=java.base/java.util.concurrent.atomic=ALL-UNNAMED -Xmx2048m -Dfile.encoding=UTF-8 -Duser.country=US -Duser.language=en -Duser.variant 
java_command: org.gradle.launcher.daemon.bootstrap.GradleDaemon 7.0.2
java_class_path (initial): C:\Users\ptija\.gradle\wrapper\dists\gradle-7.0.2-bin\857tjihv64xamwrf0h14cai3r\gradle-7.0.2\lib\gradle-launcher-7.0.2.jar
Launcher Type: SUN_STANDARD

[Global flags]
     intx CICompilerCount                          = 4                                         {product} {ergonomic}
     uint ConcGCThreads                            = 2                                         {product} {ergonomic}
     uint G1ConcRefinementThreads                  = 8                                         {product} {ergonomic}
   size_t G1HeapRegionSize                         = 1048576                                   {product} {ergonomic}
    uintx GCDrainStackTargetSize                   = 64                                        {product} {ergonomic}
   size_t InitialHeapSize                          = 132120576                                 {product} {ergonomic}
   size_t MarkStackSize                            = 4194304                                   {product} {ergonomic}
   size_t MaxHeapSize                              = 2147483648                                {product} {command line}
   size_t MaxNewSize                               = 1287651328                                {product} {ergonomic}
   size_t MinHeapDeltaBytes                        = 1048576                                   {product} {ergonomic}
    uintx NonNMethodCodeHeapSize                   = 5836300                                {pd product} {ergonomic}
    uintx NonProfiledCodeHeapSize                  = 122910970                              {pd product} {ergonomic}
    uintx ProfiledCodeHeapSize                     = 122910970                              {pd product} {ergonomic}
    uintx ReservedCodeCacheSize                    = 251658240                              {pd product} {ergonomic}
     bool SegmentedCodeCache                       = true                                      {product} {ergonomic}
     bool UseCompressedClassPointers               = true                                 {lp64_product} {ergonomic}
     bool UseCompressedOops                        = true                                 {lp64_product} {ergonomic}
     bool UseG1GC                                  = true                                      {product} {ergonomic}
     bool UseLargePagesIndividualAllocation        = false                                  {pd product} {ergonomic}

Logging:
Log output configuration:
 #0: stdout all=warning uptime,level,tags
 #1: stderr all=off uptime,level,tags

Environment Variables:
PATH=C:\Program Files\Common Files\Oracle\Java\javapath;C:\ProgramData\Anaconda3;C:\ProgramData\Anaconda3\Library\mingw-w64\bin;C:\ProgramData\Anaconda3\Library\usr\bin;C:\ProgramData\Anaconda3\Library\bin;C:\ProgramData\Anaconda3\Scripts;C:\Program Files\ImageMagick-7.0.10-Q16;C:\Program Files (x86)\Common Files\Oracle\Java\javapath;C:\ProgramData\Oracle\Java\javapath;C:\Windows\system32;C:\Windows;C:\Windows\System32\Wbem;C:\Windows\System32\WindowsPowerShell\v1.0\;C:\Windows\System32\OpenSSH\;C:\Program Files (x86)\Windows Live\Shared;C:\Program Files (x86)\NVIDIA Corporation\PhysX\Common;C:\Program Files\NVIDIA Corporation\NVIDIA NvDLISR;C:\Program Files (x86)\Wolfram Research\WolframScript\;C:\Program Files\dotnet\;C:\Program Files (x86)\dotnet\;C:\WINDOWS\system32;C:\WINDOWS;C:\WINDOWS\System32\Wbem;C:\WINDOWS\System32\WindowsPowerShell\v1.0\;C:\WINDOWS\System32\OpenSSH\;C:\Program Files\Git\cmd;C:\Program Files\Intel\Intel(R) Memory and Storage Tool\;C:\Users\ptija\AppData\Local\Programs\Python\Python38-32\Scripts\;C:\Users\ptija\AppData\Local\Programs\Python\Python38-32\;C:\Users\ptija\AppData\Local\Microsoft\WindowsApps;;C:\Users\ptija\AppData\Local\Programs\Microsoft VS Code\bin;C:\Program Files\JetBrains\PyCharm Community Edition 2020.1.1\bin;;C:\Users\ptija\.dotnet\tools
USERNAME=ptija
OS=Windows_NT
PROCESSOR_IDENTIFIER=Intel64 Family 6 Model 142 Stepping 12, GenuineIntel



---------------  S Y S T E M  ---------------

OS: Windows 10 , 64 bit Build 19041 (10.0.19041.1348)
OS uptime: 3 days 1:22 hours

CPU:total 8 (initial active 8) (4 cores per cpu, 2 threads per core) family 6 model 142 stepping 12 microcode 0xb8, cmov, cx8, fxsr, mmx, sse, sse2, sse3, ssse3, sse4.1, sse4.2, popcnt, avx, avx2, aes, clmul, erms, 3dnowpref, lzcnt, ht, tsc, tscinvbit, bmi1, bmi2, adx, fma

Memory: 4k page, system-wide physical 8043M (396M free)
TotalPageFile size 27082M (AvailPageFile size 14M)
current process WorkingSet (physical memory assigned to process): 398M, peak: 413M
current process commit charge ("private bytes"): 452M, peak: 482M

vm_info: OpenJDK 64-Bit Server VM (11.0.10+0-b96-7249189) for windows-amd64 JRE (11.0.10+0-b96-7249189), built on Mar 31 2021 21:44:00 by "builder" with MS VC++ 14.0 (VS2015)

END.
